;  LST file generated by mikroListExporter - v.2.0 
; Date/Time: 6/6/2023 12:06:23 AM
;----------------------------------------------

;Address Opcode 	ASM
0x0000	0x2B34      	GOTO       820
_Delay_5500us:
;__Lib_Delays.c,31 :: 		void Delay_5500us() {
;__Lib_Delays.c,32 :: 		Delay_us(5500);
0x0003	0x300F      	MOVLW      15
0x0004	0x1283      	BCF        STATUS, 5
0x0005	0x1303      	BCF        STATUS, 6
0x0006	0x00FC      	MOVWF      R12
0x0007	0x3047      	MOVLW      71
0x0008	0x00FD      	MOVWF      R13
L_Delay_5500us5:
0x0009	0x0BFD      	DECFSZ     R13, 1
0x000A	0x2809      	GOTO       L_Delay_5500us5
0x000B	0x0BFC      	DECFSZ     R12, 1
0x000C	0x2809      	GOTO       L_Delay_5500us5
0x000D	0x0000      	NOP
0x000E	0x0000      	NOP
;__Lib_Delays.c,33 :: 		}
L_end_Delay_5500us:
0x000F	0x0008      	RETURN
; end of _Delay_5500us
_Delay_50us:
;__Lib_Delays.c,19 :: 		void Delay_50us() {
;__Lib_Delays.c,20 :: 		Delay_us(50);
0x0010	0x3021      	MOVLW      33
0x0011	0x1283      	BCF        STATUS, 5
0x0012	0x1303      	BCF        STATUS, 6
0x0013	0x00FD      	MOVWF      R13
L_Delay_50us2:
0x0014	0x0BFD      	DECFSZ     R13, 1
0x0015	0x2814      	GOTO       L_Delay_50us2
;__Lib_Delays.c,21 :: 		}
L_end_Delay_50us:
0x0016	0x0008      	RETURN
; end of _Delay_50us
_Delay_1us:
;__Lib_Delays.c,7 :: 		void Delay_1us() {
;__Lib_Delays.c,8 :: 		Delay_us(1);
0x0017	0x0000      	NOP
0x0018	0x0000      	NOP
;__Lib_Delays.c,9 :: 		}
L_end_Delay_1us:
0x0019	0x0008      	RETURN
; end of _Delay_1us
_Lcd_Cmd:
;__Lib_Lcd.c,18 :: 		
;__Lib_Lcd.c,20 :: 		
0x001A	0x1283      	BCF        STATUS, 5
0x001B	0x1703      	BSF        STATUS, 6
0x001C	0x1B90      	BTFSC      FARG_Lcd_Cmd_out_char, 7
0x001D	0x2821      	GOTO       L__Lcd_Cmd21
0x001E	0x1303      	BCF        STATUS, 6
0x001F	0x1308      	BCF        LCD_D7, BitPos(LCD_D7+0)
0x0020	0x2823      	GOTO       L__Lcd_Cmd22
L__Lcd_Cmd21:
0x0021	0x1303      	BCF        STATUS, 6
0x0022	0x1708      	BSF        LCD_D7, BitPos(LCD_D7+0)
L__Lcd_Cmd22:
;__Lib_Lcd.c,21 :: 		
0x0023	0x1703      	BSF        STATUS, 6
0x0024	0x1B10      	BTFSC      FARG_Lcd_Cmd_out_char, 6
0x0025	0x2829      	GOTO       L__Lcd_Cmd23
0x0026	0x1303      	BCF        STATUS, 6
0x0027	0x1288      	BCF        LCD_D6, BitPos(LCD_D6+0)
0x0028	0x282B      	GOTO       L__Lcd_Cmd24
L__Lcd_Cmd23:
0x0029	0x1303      	BCF        STATUS, 6
0x002A	0x1688      	BSF        LCD_D6, BitPos(LCD_D6+0)
L__Lcd_Cmd24:
;__Lib_Lcd.c,22 :: 		
0x002B	0x1703      	BSF        STATUS, 6
0x002C	0x1A90      	BTFSC      FARG_Lcd_Cmd_out_char, 5
0x002D	0x2831      	GOTO       L__Lcd_Cmd25
0x002E	0x1303      	BCF        STATUS, 6
0x002F	0x1208      	BCF        LCD_D5, BitPos(LCD_D5+0)
0x0030	0x2833      	GOTO       L__Lcd_Cmd26
L__Lcd_Cmd25:
0x0031	0x1303      	BCF        STATUS, 6
0x0032	0x1608      	BSF        LCD_D5, BitPos(LCD_D5+0)
L__Lcd_Cmd26:
;__Lib_Lcd.c,23 :: 		
0x0033	0x1703      	BSF        STATUS, 6
0x0034	0x1A10      	BTFSC      FARG_Lcd_Cmd_out_char, 4
0x0035	0x2839      	GOTO       L__Lcd_Cmd27
0x0036	0x1303      	BCF        STATUS, 6
0x0037	0x1188      	BCF        LCD_D4, BitPos(LCD_D4+0)
0x0038	0x283B      	GOTO       L__Lcd_Cmd28
L__Lcd_Cmd27:
0x0039	0x1303      	BCF        STATUS, 6
0x003A	0x1588      	BSF        LCD_D4, BitPos(LCD_D4+0)
L__Lcd_Cmd28:
;__Lib_Lcd.c,25 :: 		
0x003B	0x1683      	BSF        STATUS, 5
0x003C	0x1869      	BTFSC      __Lib_Lcd_cmd_status, BitPos(__Lib_Lcd_cmd_status+0)
0x003D	0x2841      	GOTO       L__Lcd_Cmd29
0x003E	0x1283      	BCF        STATUS, 5
0x003F	0x1408      	BSF        LCD_RS, BitPos(LCD_RS+0)
0x0040	0x2843      	GOTO       L__Lcd_Cmd30
L__Lcd_Cmd29:
0x0041	0x1283      	BCF        STATUS, 5
0x0042	0x1008      	BCF        LCD_RS, BitPos(LCD_RS+0)
L__Lcd_Cmd30:
;__Lib_Lcd.c,28 :: 		
0x0043	0x1488      	BSF        LCD_EN, BitPos(LCD_EN+0)
;__Lib_Lcd.c,29 :: 		
0x0044	0x2017      	CALL       _Delay_1us
;__Lib_Lcd.c,30 :: 		
0x0045	0x1088      	BCF        LCD_EN, BitPos(LCD_EN+0)
;__Lib_Lcd.c,33 :: 		
0x0046	0x1703      	BSF        STATUS, 6
0x0047	0x1990      	BTFSC      FARG_Lcd_Cmd_out_char, 3
0x0048	0x284C      	GOTO       L__Lcd_Cmd31
0x0049	0x1303      	BCF        STATUS, 6
0x004A	0x1308      	BCF        LCD_D7, BitPos(LCD_D7+0)
0x004B	0x284E      	GOTO       L__Lcd_Cmd32
L__Lcd_Cmd31:
0x004C	0x1303      	BCF        STATUS, 6
0x004D	0x1708      	BSF        LCD_D7, BitPos(LCD_D7+0)
L__Lcd_Cmd32:
;__Lib_Lcd.c,34 :: 		
0x004E	0x1703      	BSF        STATUS, 6
0x004F	0x1910      	BTFSC      FARG_Lcd_Cmd_out_char, 2
0x0050	0x2854      	GOTO       L__Lcd_Cmd33
0x0051	0x1303      	BCF        STATUS, 6
0x0052	0x1288      	BCF        LCD_D6, BitPos(LCD_D6+0)
0x0053	0x2856      	GOTO       L__Lcd_Cmd34
L__Lcd_Cmd33:
0x0054	0x1303      	BCF        STATUS, 6
0x0055	0x1688      	BSF        LCD_D6, BitPos(LCD_D6+0)
L__Lcd_Cmd34:
;__Lib_Lcd.c,35 :: 		
0x0056	0x1703      	BSF        STATUS, 6
0x0057	0x1890      	BTFSC      FARG_Lcd_Cmd_out_char, 1
0x0058	0x285C      	GOTO       L__Lcd_Cmd35
0x0059	0x1303      	BCF        STATUS, 6
0x005A	0x1208      	BCF        LCD_D5, BitPos(LCD_D5+0)
0x005B	0x285E      	GOTO       L__Lcd_Cmd36
L__Lcd_Cmd35:
0x005C	0x1303      	BCF        STATUS, 6
0x005D	0x1608      	BSF        LCD_D5, BitPos(LCD_D5+0)
L__Lcd_Cmd36:
;__Lib_Lcd.c,36 :: 		
0x005E	0x1703      	BSF        STATUS, 6
0x005F	0x1810      	BTFSC      FARG_Lcd_Cmd_out_char, 0
0x0060	0x2864      	GOTO       L__Lcd_Cmd37
0x0061	0x1303      	BCF        STATUS, 6
0x0062	0x1188      	BCF        LCD_D4, BitPos(LCD_D4+0)
0x0063	0x2866      	GOTO       L__Lcd_Cmd38
L__Lcd_Cmd37:
0x0064	0x1303      	BCF        STATUS, 6
0x0065	0x1588      	BSF        LCD_D4, BitPos(LCD_D4+0)
L__Lcd_Cmd38:
;__Lib_Lcd.c,38 :: 		
0x0066	0x1683      	BSF        STATUS, 5
0x0067	0x1869      	BTFSC      __Lib_Lcd_cmd_status, BitPos(__Lib_Lcd_cmd_status+0)
0x0068	0x286C      	GOTO       L__Lcd_Cmd39
0x0069	0x1283      	BCF        STATUS, 5
0x006A	0x1408      	BSF        LCD_RS, BitPos(LCD_RS+0)
0x006B	0x286E      	GOTO       L__Lcd_Cmd40
L__Lcd_Cmd39:
0x006C	0x1283      	BCF        STATUS, 5
0x006D	0x1008      	BCF        LCD_RS, BitPos(LCD_RS+0)
L__Lcd_Cmd40:
;__Lib_Lcd.c,40 :: 		
0x006E	0x1488      	BSF        LCD_EN, BitPos(LCD_EN+0)
;__Lib_Lcd.c,41 :: 		
0x006F	0x2017      	CALL       _Delay_1us
;__Lib_Lcd.c,42 :: 		
0x0070	0x1088      	BCF        LCD_EN, BitPos(LCD_EN+0)
;__Lib_Lcd.c,44 :: 		
0x0071	0x1683      	BSF        STATUS, 5
0x0072	0x1C69      	BTFSS      __Lib_Lcd_cmd_status, BitPos(__Lib_Lcd_cmd_status+0)
0x0073	0x2876      	GOTO       L_Lcd_Cmd0
;__Lib_Lcd.c,45 :: 		
0x0074	0x2003      	CALL       _Delay_5500us
0x0075	0x2877      	GOTO       L_Lcd_Cmd1
L_Lcd_Cmd0:
;__Lib_Lcd.c,47 :: 		
0x0076	0x2010      	CALL       _Delay_50us
L_Lcd_Cmd1:
;__Lib_Lcd.c,48 :: 		
L_end_Lcd_Cmd:
0x0077	0x0008      	RETURN
; end of _Lcd_Cmd
_Lcd_Chr_CP:
;__Lib_Lcd.c,50 :: 		
;__Lib_Lcd.c,52 :: 		
0x0078	0x1683      	BSF        STATUS, 5
0x0079	0x1303      	BCF        STATUS, 6
0x007A	0x1069      	BCF        __Lib_Lcd_cmd_status, BitPos(__Lib_Lcd_cmd_status+0)
;__Lib_Lcd.c,53 :: 		
0x007B	0x086F      	MOVF       FARG_Lcd_Chr_CP_out_char, 0
0x007C	0x1283      	BCF        STATUS, 5
0x007D	0x1703      	BSF        STATUS, 6
0x007E	0x0090      	MOVWF      FARG_Lcd_Cmd_out_char
0x007F	0x201A      	CALL       _Lcd_Cmd
;__Lib_Lcd.c,54 :: 		
0x0080	0x1683      	BSF        STATUS, 5
0x0081	0x1469      	BSF        __Lib_Lcd_cmd_status, BitPos(__Lib_Lcd_cmd_status+0)
;__Lib_Lcd.c,55 :: 		
L_end_Lcd_Chr_CP:
0x0082	0x0008      	RETURN
; end of _Lcd_Chr_CP
_____DoICP:
;__Lib_System.c,6 :: 		
;__Lib_System.c,9 :: 		
0x0083	0x1683      	BSF        STATUS, 5
0x0084	0x1303      	BCF        STATUS, 6
0x0085	0x085F      	MOVF       ___DoICPAddr+1, 0
0x0086	0x008A      	MOVWF      PCLATH
;__Lib_System.c,10 :: 		
0x0087	0x085E      	MOVF       ___DoICPAddr, 0
0x0088	0x0082      	MOVWF      PCL
;__Lib_System.c,12 :: 		
L_end_____DoICP:
0x0089	0x0008      	RETURN
; end of _____DoICP
_key:
;FINaL.c,226 :: 		unsigned char key()
;FINaL.c,228 :: 		PORTB=0X00; //set all bits in PORTB to 0
0x008A	0x1283      	BCF        STATUS, 5
0x008B	0x1303      	BCF        STATUS, 6
0x008C	0x0186      	CLRF       PORTB
;FINaL.c,230 :: 		while(COL1&&COL2&&COL3&&COL4); //wait for a key press
L_key29:
0x008D	0x1C06      	BTFSS      RB0_bit, BitPos(RB0_bit+0)
0x008E	0x2896      	GOTO       L_key30
0x008F	0x1C86      	BTFSS      RB1_bit, BitPos(RB1_bit+0)
0x0090	0x2896      	GOTO       L_key30
0x0091	0x1D06      	BTFSS      RB2_bit, BitPos(RB2_bit+0)
0x0092	0x2896      	GOTO       L_key30
0x0093	0x1D86      	BTFSS      RB3_bit, BitPos(RB3_bit+0)
0x0094	0x2896      	GOTO       L_key30
L__key106:
0x0095	0x288D      	GOTO       L_key29
L_key30:
;FINaL.c,233 :: 		while(!COL1||!COL2||!COL3||!COL4) { //is checking if any of the column pins (COL1, COL2, COL3) are low. This means that if any of the column pins are connected to a button that is being pressed, the loop will continue to execute.
L_key33:
0x0096	0x1283      	BCF        STATUS, 5
0x0097	0x1C06      	BTFSS      RB0_bit, BitPos(RB0_bit+0)
0x0098	0x28A0      	GOTO       L__key105
0x0099	0x1C86      	BTFSS      RB1_bit, BitPos(RB1_bit+0)
0x009A	0x28A0      	GOTO       L__key105
0x009B	0x1D06      	BTFSS      RB2_bit, BitPos(RB2_bit+0)
0x009C	0x28A0      	GOTO       L__key105
0x009D	0x1D86      	BTFSS      RB3_bit, BitPos(RB3_bit+0)
0x009E	0x28A0      	GOTO       L__key105
0x009F	0x2977      	GOTO       L_key34
L__key105:
;FINaL.c,235 :: 		ROW1=0;
0x00A0	0x1206      	BCF        RB4_bit, BitPos(RB4_bit+0)
;FINaL.c,236 :: 		ROW2=ROW3=ROW4=1;
0x00A1	0x1786      	BSF        RB7_bit, BitPos(RB7_bit+0)
0x00A2	0x1B86      	BTFSC      RB7_bit, BitPos(RB7_bit+0)
0x00A3	0x28A6      	GOTO       L__key113
0x00A4	0x1306      	BCF        RB6_bit, BitPos(RB6_bit+0)
0x00A5	0x28A7      	GOTO       L__key114
L__key113:
0x00A6	0x1706      	BSF        RB6_bit, BitPos(RB6_bit+0)
L__key114:
0x00A7	0x1B06      	BTFSC      RB6_bit, BitPos(RB6_bit+0)
0x00A8	0x28AB      	GOTO       L__key115
0x00A9	0x1286      	BCF        RB5_bit, BitPos(RB5_bit+0)
0x00AA	0x28AC      	GOTO       L__key116
L__key115:
0x00AB	0x1686      	BSF        RB5_bit, BitPos(RB5_bit+0)
L__key116:
;FINaL.c,238 :: 		if(!COL1||!COL2||!COL3|!COL4) {
0x00AC	0x1C06      	BTFSS      RB0_bit, BitPos(RB0_bit+0)
0x00AD	0x28C4      	GOTO       L__key104
0x00AE	0x1C86      	BTFSS      RB1_bit, BitPos(RB1_bit+0)
0x00AF	0x28C4      	GOTO       L__key104
0x00B0	0x1906      	BTFSC      RB2_bit, BitPos(RB2_bit+0)
0x00B1	0x28B4      	GOTO       L__key117
0x00B2	0x1472      	BSF        R2, 0
0x00B3	0x28B5      	GOTO       L__key118
L__key117:
0x00B4	0x1072      	BCF        R2, 0
L__key118:
0x00B5	0x1986      	BTFSC      RB3_bit, BitPos(RB3_bit+0)
0x00B6	0x28B9      	GOTO       L__key119
0x00B7	0x1403      	BSF        STATUS, 0
0x00B8	0x28BA      	GOTO       L__key120
L__key119:
0x00B9	0x1003      	BCF        STATUS, 0
L__key120:
0x00BA	0x1872      	BTFSC      R2, 0
0x00BB	0x28C0      	GOTO       L__key121
0x00BC	0x1803      	BTFSC      STATUS, 0
0x00BD	0x28C0      	GOTO       L__key121
0x00BE	0x1072      	BCF        R2, 0
0x00BF	0x28C1      	GOTO       L__key122
L__key121:
0x00C0	0x1472      	BSF        R2, 0
L__key122:
0x00C1	0x1872      	BTFSC      R2, 0
0x00C2	0x28C4      	GOTO       L__key104
0x00C3	0x28D4      	GOTO       L_key39
L__key104:
;FINaL.c,239 :: 		Delay_ms(100);
0x00C4	0x3002      	MOVLW      2
0x00C5	0x00FB      	MOVWF      R11
0x00C6	0x3004      	MOVLW      4
0x00C7	0x00FC      	MOVWF      R12
0x00C8	0x30BA      	MOVLW      186
0x00C9	0x00FD      	MOVWF      R13
L_key40:
0x00CA	0x0BFD      	DECFSZ     R13, 1
0x00CB	0x28CA      	GOTO       L_key40
0x00CC	0x0BFC      	DECFSZ     R12, 1
0x00CD	0x28CA      	GOTO       L_key40
0x00CE	0x0BFB      	DECFSZ     R11, 1
0x00CF	0x28CA      	GOTO       L_key40
0x00D0	0x0000      	NOP
;FINaL.c,241 :: 		rownum=0;
0x00D1	0x1683      	BSF        STATUS, 5
0x00D2	0x01E0      	CLRF       _rownum
;FINaL.c,242 :: 		break;
0x00D3	0x2977      	GOTO       L_key34
;FINaL.c,243 :: 		}
L_key39:
;FINaL.c,245 :: 		ROW2=0;ROW1=ROW3=ROW4=1;
0x00D4	0x1283      	BCF        STATUS, 5
0x00D5	0x1286      	BCF        RB5_bit, BitPos(RB5_bit+0)
0x00D6	0x1786      	BSF        RB7_bit, BitPos(RB7_bit+0)
0x00D7	0x1B86      	BTFSC      RB7_bit, BitPos(RB7_bit+0)
0x00D8	0x28DB      	GOTO       L__key123
0x00D9	0x1306      	BCF        RB6_bit, BitPos(RB6_bit+0)
0x00DA	0x28DC      	GOTO       L__key124
L__key123:
0x00DB	0x1706      	BSF        RB6_bit, BitPos(RB6_bit+0)
L__key124:
0x00DC	0x1B06      	BTFSC      RB6_bit, BitPos(RB6_bit+0)
0x00DD	0x28E0      	GOTO       L__key125
0x00DE	0x1206      	BCF        RB4_bit, BitPos(RB4_bit+0)
0x00DF	0x28E1      	GOTO       L__key126
L__key125:
0x00E0	0x1606      	BSF        RB4_bit, BitPos(RB4_bit+0)
L__key126:
;FINaL.c,247 :: 		if(!COL1||!COL2||!COL3|!COL4) {
0x00E1	0x1C06      	BTFSS      RB0_bit, BitPos(RB0_bit+0)
0x00E2	0x28F9      	GOTO       L__key103
0x00E3	0x1C86      	BTFSS      RB1_bit, BitPos(RB1_bit+0)
0x00E4	0x28F9      	GOTO       L__key103
0x00E5	0x1906      	BTFSC      RB2_bit, BitPos(RB2_bit+0)
0x00E6	0x28E9      	GOTO       L__key127
0x00E7	0x1472      	BSF        R2, 0
0x00E8	0x28EA      	GOTO       L__key128
L__key127:
0x00E9	0x1072      	BCF        R2, 0
L__key128:
0x00EA	0x1986      	BTFSC      RB3_bit, BitPos(RB3_bit+0)
0x00EB	0x28EE      	GOTO       L__key129
0x00EC	0x1403      	BSF        STATUS, 0
0x00ED	0x28EF      	GOTO       L__key130
L__key129:
0x00EE	0x1003      	BCF        STATUS, 0
L__key130:
0x00EF	0x1872      	BTFSC      R2, 0
0x00F0	0x28F5      	GOTO       L__key131
0x00F1	0x1803      	BTFSC      STATUS, 0
0x00F2	0x28F5      	GOTO       L__key131
0x00F3	0x1072      	BCF        R2, 0
0x00F4	0x28F6      	GOTO       L__key132
L__key131:
0x00F5	0x1472      	BSF        R2, 0
L__key132:
0x00F6	0x1872      	BTFSC      R2, 0
0x00F7	0x28F9      	GOTO       L__key103
0x00F8	0x290A      	GOTO       L_key43
L__key103:
;FINaL.c,248 :: 		Delay_ms(100);
0x00F9	0x3002      	MOVLW      2
0x00FA	0x00FB      	MOVWF      R11
0x00FB	0x3004      	MOVLW      4
0x00FC	0x00FC      	MOVWF      R12
0x00FD	0x30BA      	MOVLW      186
0x00FE	0x00FD      	MOVWF      R13
L_key44:
0x00FF	0x0BFD      	DECFSZ     R13, 1
0x0100	0x28FF      	GOTO       L_key44
0x0101	0x0BFC      	DECFSZ     R12, 1
0x0102	0x28FF      	GOTO       L_key44
0x0103	0x0BFB      	DECFSZ     R11, 1
0x0104	0x28FF      	GOTO       L_key44
0x0105	0x0000      	NOP
;FINaL.c,250 :: 		rownum=1;
0x0106	0x3001      	MOVLW      1
0x0107	0x1683      	BSF        STATUS, 5
0x0108	0x00E0      	MOVWF      _rownum
;FINaL.c,251 :: 		break;
0x0109	0x2977      	GOTO       L_key34
;FINaL.c,252 :: 		}
L_key43:
;FINaL.c,254 :: 		ROW3=0;ROW2=ROW1=ROW4=1;
0x010A	0x1283      	BCF        STATUS, 5
0x010B	0x1306      	BCF        RB6_bit, BitPos(RB6_bit+0)
0x010C	0x1786      	BSF        RB7_bit, BitPos(RB7_bit+0)
0x010D	0x1B86      	BTFSC      RB7_bit, BitPos(RB7_bit+0)
0x010E	0x2911      	GOTO       L__key133
0x010F	0x1206      	BCF        RB4_bit, BitPos(RB4_bit+0)
0x0110	0x2912      	GOTO       L__key134
L__key133:
0x0111	0x1606      	BSF        RB4_bit, BitPos(RB4_bit+0)
L__key134:
0x0112	0x1A06      	BTFSC      RB4_bit, BitPos(RB4_bit+0)
0x0113	0x2916      	GOTO       L__key135
0x0114	0x1286      	BCF        RB5_bit, BitPos(RB5_bit+0)
0x0115	0x2917      	GOTO       L__key136
L__key135:
0x0116	0x1686      	BSF        RB5_bit, BitPos(RB5_bit+0)
L__key136:
;FINaL.c,256 :: 		if(!COL1||!COL2||!COL3|!COL4) {
0x0117	0x1C06      	BTFSS      RB0_bit, BitPos(RB0_bit+0)
0x0118	0x292F      	GOTO       L__key102
0x0119	0x1C86      	BTFSS      RB1_bit, BitPos(RB1_bit+0)
0x011A	0x292F      	GOTO       L__key102
0x011B	0x1906      	BTFSC      RB2_bit, BitPos(RB2_bit+0)
0x011C	0x291F      	GOTO       L__key137
0x011D	0x1472      	BSF        R2, 0
0x011E	0x2920      	GOTO       L__key138
L__key137:
0x011F	0x1072      	BCF        R2, 0
L__key138:
0x0120	0x1986      	BTFSC      RB3_bit, BitPos(RB3_bit+0)
0x0121	0x2924      	GOTO       L__key139
0x0122	0x1403      	BSF        STATUS, 0
0x0123	0x2925      	GOTO       L__key140
L__key139:
0x0124	0x1003      	BCF        STATUS, 0
L__key140:
0x0125	0x1872      	BTFSC      R2, 0
0x0126	0x292B      	GOTO       L__key141
0x0127	0x1803      	BTFSC      STATUS, 0
0x0128	0x292B      	GOTO       L__key141
0x0129	0x1072      	BCF        R2, 0
0x012A	0x292C      	GOTO       L__key142
L__key141:
0x012B	0x1472      	BSF        R2, 0
L__key142:
0x012C	0x1872      	BTFSC      R2, 0
0x012D	0x292F      	GOTO       L__key102
0x012E	0x2940      	GOTO       L_key47
L__key102:
;FINaL.c,257 :: 		Delay_ms(100);
0x012F	0x3002      	MOVLW      2
0x0130	0x00FB      	MOVWF      R11
0x0131	0x3004      	MOVLW      4
0x0132	0x00FC      	MOVWF      R12
0x0133	0x30BA      	MOVLW      186
0x0134	0x00FD      	MOVWF      R13
L_key48:
0x0135	0x0BFD      	DECFSZ     R13, 1
0x0136	0x2935      	GOTO       L_key48
0x0137	0x0BFC      	DECFSZ     R12, 1
0x0138	0x2935      	GOTO       L_key48
0x0139	0x0BFB      	DECFSZ     R11, 1
0x013A	0x2935      	GOTO       L_key48
0x013B	0x0000      	NOP
;FINaL.c,259 :: 		rownum=2;
0x013C	0x3002      	MOVLW      2
0x013D	0x1683      	BSF        STATUS, 5
0x013E	0x00E0      	MOVWF      _rownum
;FINaL.c,260 :: 		break;
0x013F	0x2977      	GOTO       L_key34
;FINaL.c,261 :: 		}
L_key47:
;FINaL.c,263 :: 		ROW4=0; ROW1=ROW2=ROW3=1;
0x0140	0x1283      	BCF        STATUS, 5
0x0141	0x1386      	BCF        RB7_bit, BitPos(RB7_bit+0)
0x0142	0x1706      	BSF        RB6_bit, BitPos(RB6_bit+0)
0x0143	0x1B06      	BTFSC      RB6_bit, BitPos(RB6_bit+0)
0x0144	0x2947      	GOTO       L__key143
0x0145	0x1286      	BCF        RB5_bit, BitPos(RB5_bit+0)
0x0146	0x2948      	GOTO       L__key144
L__key143:
0x0147	0x1686      	BSF        RB5_bit, BitPos(RB5_bit+0)
L__key144:
0x0148	0x1A86      	BTFSC      RB5_bit, BitPos(RB5_bit+0)
0x0149	0x294C      	GOTO       L__key145
0x014A	0x1206      	BCF        RB4_bit, BitPos(RB4_bit+0)
0x014B	0x294D      	GOTO       L__key146
L__key145:
0x014C	0x1606      	BSF        RB4_bit, BitPos(RB4_bit+0)
L__key146:
;FINaL.c,265 :: 		if(!COL1||!COL2||!COL3|!COL4){
0x014D	0x1C06      	BTFSS      RB0_bit, BitPos(RB0_bit+0)
0x014E	0x2965      	GOTO       L__key101
0x014F	0x1C86      	BTFSS      RB1_bit, BitPos(RB1_bit+0)
0x0150	0x2965      	GOTO       L__key101
0x0151	0x1906      	BTFSC      RB2_bit, BitPos(RB2_bit+0)
0x0152	0x2955      	GOTO       L__key147
0x0153	0x1472      	BSF        R2, 0
0x0154	0x2956      	GOTO       L__key148
L__key147:
0x0155	0x1072      	BCF        R2, 0
L__key148:
0x0156	0x1986      	BTFSC      RB3_bit, BitPos(RB3_bit+0)
0x0157	0x295A      	GOTO       L__key149
0x0158	0x1403      	BSF        STATUS, 0
0x0159	0x295B      	GOTO       L__key150
L__key149:
0x015A	0x1003      	BCF        STATUS, 0
L__key150:
0x015B	0x1872      	BTFSC      R2, 0
0x015C	0x2961      	GOTO       L__key151
0x015D	0x1803      	BTFSC      STATUS, 0
0x015E	0x2961      	GOTO       L__key151
0x015F	0x1072      	BCF        R2, 0
0x0160	0x2962      	GOTO       L__key152
L__key151:
0x0161	0x1472      	BSF        R2, 0
L__key152:
0x0162	0x1872      	BTFSC      R2, 0
0x0163	0x2965      	GOTO       L__key101
0x0164	0x2976      	GOTO       L_key51
L__key101:
;FINaL.c,266 :: 		Delay_ms(100);
0x0165	0x3002      	MOVLW      2
0x0166	0x00FB      	MOVWF      R11
0x0167	0x3004      	MOVLW      4
0x0168	0x00FC      	MOVWF      R12
0x0169	0x30BA      	MOVLW      186
0x016A	0x00FD      	MOVWF      R13
L_key52:
0x016B	0x0BFD      	DECFSZ     R13, 1
0x016C	0x296B      	GOTO       L_key52
0x016D	0x0BFC      	DECFSZ     R12, 1
0x016E	0x296B      	GOTO       L_key52
0x016F	0x0BFB      	DECFSZ     R11, 1
0x0170	0x296B      	GOTO       L_key52
0x0171	0x0000      	NOP
;FINaL.c,268 :: 		rownum=3;
0x0172	0x3003      	MOVLW      3
0x0173	0x1683      	BSF        STATUS, 5
0x0174	0x00E0      	MOVWF      _rownum
;FINaL.c,269 :: 		break;
0x0175	0x2977      	GOTO       L_key34
;FINaL.c,270 :: 		}
L_key51:
;FINaL.c,271 :: 		}
0x0176	0x2896      	GOTO       L_key33
L_key34:
;FINaL.c,274 :: 		if(COL1==0&&COL2!=0&&COL3!=0&&COL4!=0)//if COL1 is pressed
0x0177	0x1283      	BCF        STATUS, 5
0x0178	0x1806      	BTFSC      RB0_bit, BitPos(RB0_bit+0)
0x0179	0x2990      	GOTO       L_key55
0x017A	0x1C86      	BTFSS      RB1_bit, BitPos(RB1_bit+0)
0x017B	0x2990      	GOTO       L_key55
0x017C	0x1D06      	BTFSS      RB2_bit, BitPos(RB2_bit+0)
0x017D	0x2990      	GOTO       L_key55
0x017E	0x1D86      	BTFSS      RB3_bit, BitPos(RB3_bit+0)
0x017F	0x2990      	GOTO       L_key55
L__key100:
;FINaL.c,276 :: 		Delay_ms(100);
0x0180	0x3002      	MOVLW      2
0x0181	0x00FB      	MOVWF      R11
0x0182	0x3004      	MOVLW      4
0x0183	0x00FC      	MOVWF      R12
0x0184	0x30BA      	MOVLW      186
0x0185	0x00FD      	MOVWF      R13
L_key56:
0x0186	0x0BFD      	DECFSZ     R13, 1
0x0187	0x2986      	GOTO       L_key56
0x0188	0x0BFC      	DECFSZ     R12, 1
0x0189	0x2986      	GOTO       L_key56
0x018A	0x0BFB      	DECFSZ     R11, 1
0x018B	0x2986      	GOTO       L_key56
0x018C	0x0000      	NOP
;FINaL.c,278 :: 		colnum=0;
0x018D	0x1683      	BSF        STATUS, 5
0x018E	0x01E1      	CLRF       _colnum
;FINaL.c,279 :: 		}
0x018F	0x29DD      	GOTO       L_key57
L_key55:
;FINaL.c,280 :: 		else if(COL1!=0&&COL2==0&&COL3!=0&&COL4!=0)//if COL2 is pressed
0x0190	0x1283      	BCF        STATUS, 5
0x0191	0x1C06      	BTFSS      RB0_bit, BitPos(RB0_bit+0)
0x0192	0x29AA      	GOTO       L_key60
0x0193	0x1886      	BTFSC      RB1_bit, BitPos(RB1_bit+0)
0x0194	0x29AA      	GOTO       L_key60
0x0195	0x1D06      	BTFSS      RB2_bit, BitPos(RB2_bit+0)
0x0196	0x29AA      	GOTO       L_key60
0x0197	0x1D86      	BTFSS      RB3_bit, BitPos(RB3_bit+0)
0x0198	0x29AA      	GOTO       L_key60
L__key99:
;FINaL.c,282 :: 		Delay_ms(100);
0x0199	0x3002      	MOVLW      2
0x019A	0x00FB      	MOVWF      R11
0x019B	0x3004      	MOVLW      4
0x019C	0x00FC      	MOVWF      R12
0x019D	0x30BA      	MOVLW      186
0x019E	0x00FD      	MOVWF      R13
L_key61:
0x019F	0x0BFD      	DECFSZ     R13, 1
0x01A0	0x299F      	GOTO       L_key61
0x01A1	0x0BFC      	DECFSZ     R12, 1
0x01A2	0x299F      	GOTO       L_key61
0x01A3	0x0BFB      	DECFSZ     R11, 1
0x01A4	0x299F      	GOTO       L_key61
0x01A5	0x0000      	NOP
;FINaL.c,284 :: 		colnum=1;
0x01A6	0x3001      	MOVLW      1
0x01A7	0x1683      	BSF        STATUS, 5
0x01A8	0x00E1      	MOVWF      _colnum
;FINaL.c,285 :: 		}
0x01A9	0x29DD      	GOTO       L_key62
L_key60:
;FINaL.c,286 :: 		else if(COL1!=0&&COL2!=0&&COL3==0&&COL4!=0)//if COL3 is pressed
0x01AA	0x1283      	BCF        STATUS, 5
0x01AB	0x1C06      	BTFSS      RB0_bit, BitPos(RB0_bit+0)
0x01AC	0x29C4      	GOTO       L_key65
0x01AD	0x1C86      	BTFSS      RB1_bit, BitPos(RB1_bit+0)
0x01AE	0x29C4      	GOTO       L_key65
0x01AF	0x1906      	BTFSC      RB2_bit, BitPos(RB2_bit+0)
0x01B0	0x29C4      	GOTO       L_key65
0x01B1	0x1D86      	BTFSS      RB3_bit, BitPos(RB3_bit+0)
0x01B2	0x29C4      	GOTO       L_key65
L__key98:
;FINaL.c,288 :: 		Delay_ms(100);
0x01B3	0x3002      	MOVLW      2
0x01B4	0x00FB      	MOVWF      R11
0x01B5	0x3004      	MOVLW      4
0x01B6	0x00FC      	MOVWF      R12
0x01B7	0x30BA      	MOVLW      186
0x01B8	0x00FD      	MOVWF      R13
L_key66:
0x01B9	0x0BFD      	DECFSZ     R13, 1
0x01BA	0x29B9      	GOTO       L_key66
0x01BB	0x0BFC      	DECFSZ     R12, 1
0x01BC	0x29B9      	GOTO       L_key66
0x01BD	0x0BFB      	DECFSZ     R11, 1
0x01BE	0x29B9      	GOTO       L_key66
0x01BF	0x0000      	NOP
;FINaL.c,290 :: 		colnum=2;
0x01C0	0x3002      	MOVLW      2
0x01C1	0x1683      	BSF        STATUS, 5
0x01C2	0x00E1      	MOVWF      _colnum
;FINaL.c,291 :: 		}
0x01C3	0x29DD      	GOTO       L_key67
L_key65:
;FINaL.c,292 :: 		else if(COL1!=0&&COL2!=0&&COL3!=0&&COL4==0)//if COL3 is pressed
0x01C4	0x1283      	BCF        STATUS, 5
0x01C5	0x1C06      	BTFSS      RB0_bit, BitPos(RB0_bit+0)
0x01C6	0x29DD      	GOTO       L_key70
0x01C7	0x1C86      	BTFSS      RB1_bit, BitPos(RB1_bit+0)
0x01C8	0x29DD      	GOTO       L_key70
0x01C9	0x1D06      	BTFSS      RB2_bit, BitPos(RB2_bit+0)
0x01CA	0x29DD      	GOTO       L_key70
0x01CB	0x1986      	BTFSC      RB3_bit, BitPos(RB3_bit+0)
0x01CC	0x29DD      	GOTO       L_key70
L__key97:
;FINaL.c,294 :: 		Delay_ms(100);
0x01CD	0x3002      	MOVLW      2
0x01CE	0x00FB      	MOVWF      R11
0x01CF	0x3004      	MOVLW      4
0x01D0	0x00FC      	MOVWF      R12
0x01D1	0x30BA      	MOVLW      186
0x01D2	0x00FD      	MOVWF      R13
L_key71:
0x01D3	0x0BFD      	DECFSZ     R13, 1
0x01D4	0x29D3      	GOTO       L_key71
0x01D5	0x0BFC      	DECFSZ     R12, 1
0x01D6	0x29D3      	GOTO       L_key71
0x01D7	0x0BFB      	DECFSZ     R11, 1
0x01D8	0x29D3      	GOTO       L_key71
0x01D9	0x0000      	NOP
;FINaL.c,296 :: 		colnum=4;
0x01DA	0x3004      	MOVLW      4
0x01DB	0x1683      	BSF        STATUS, 5
0x01DC	0x00E1      	MOVWF      _colnum
;FINaL.c,297 :: 		}
L_key70:
L_key67:
L_key62:
L_key57:
;FINaL.c,300 :: 		while(COL1==0||COL2==0||COL3==0||COL4==0);//to prevent from debouncing to filter out unwanted signals and ensure that only one button press is registered.
L_key72:
0x01DD	0x1283      	BCF        STATUS, 5
0x01DE	0x1C06      	BTFSS      RB0_bit, BitPos(RB0_bit+0)
0x01DF	0x29E7      	GOTO       L__key96
0x01E0	0x1C86      	BTFSS      RB1_bit, BitPos(RB1_bit+0)
0x01E1	0x29E7      	GOTO       L__key96
0x01E2	0x1D06      	BTFSS      RB2_bit, BitPos(RB2_bit+0)
0x01E3	0x29E7      	GOTO       L__key96
0x01E4	0x1D86      	BTFSS      RB3_bit, BitPos(RB3_bit+0)
0x01E5	0x29E7      	GOTO       L__key96
0x01E6	0x29E8      	GOTO       L_key73
L__key96:
0x01E7	0x29DD      	GOTO       L_key72
L_key73:
;FINaL.c,302 :: 		return (keypad[rownum][colnum]);
0x01E8	0x1683      	BSF        STATUS, 5
0x01E9	0x0860      	MOVF       _rownum, 0
0x01EA	0x00F0      	MOVWF      R0
0x01EB	0x0DF0      	RLF        R0, 1
0x01EC	0x1070      	BCF        R0, 0
0x01ED	0x0DF0      	RLF        R0, 1
0x01EE	0x1070      	BCF        R0, 0
0x01EF	0x3039      	MOVLW      _keypad
0x01F0	0x07F0      	ADDWF      R0, 1
0x01F1	0x0861      	MOVF       _colnum, 0
0x01F2	0x0770      	ADDWF      R0, 0
0x01F3	0x0084      	MOVWF      FSR
0x01F4	0x0800      	MOVF       INDF, 0
0x01F5	0x00F0      	MOVWF      R0
;FINaL.c,303 :: 		}
L_end_key:
0x01F6	0x0008      	RETURN
; end of _key
_pwm_init:
;FINaL.c,308 :: 		void pwm_init() {
;FINaL.c,309 :: 		TRISC= TRISC & 0xF9;
0x01F7	0x30F9      	MOVLW      249
0x01F8	0x1683      	BSF        STATUS, 5
0x01F9	0x1303      	BCF        STATUS, 6
0x01FA	0x0587      	ANDWF      TRISC, 1
;FINaL.c,311 :: 		CCP1CON= 0x0C;
0x01FB	0x300C      	MOVLW      12
0x01FC	0x1283      	BCF        STATUS, 5
0x01FD	0x0097      	MOVWF      CCP1CON
;FINaL.c,312 :: 		CCP2CON =0x0C;
0x01FE	0x300C      	MOVLW      12
0x01FF	0x009D      	MOVWF      CCP2CON
;FINaL.c,313 :: 		T2CON =T2CON |0x07;
0x0200	0x3007      	MOVLW      7
0x0201	0x0492      	IORWF      T2CON, 1
;FINaL.c,314 :: 		PR2= 249;
0x0202	0x30F9      	MOVLW      249
0x0203	0x1683      	BSF        STATUS, 5
0x0204	0x0092      	MOVWF      PR2
;FINaL.c,315 :: 		}
L_end_pwm_init:
0x0205	0x0008      	RETURN
; end of _pwm_init
_set_servo_position:
;FINaL.c,341 :: 		void set_servo_position(int degrees) {
;FINaL.c,342 :: 		int pulse_width = (degrees + 90) * 8 + 500; // Calculate pulse width (500 to 2400)
0x0206	0x305A      	MOVLW      90
0x0207	0x1683      	BSF        STATUS, 5
0x0208	0x1303      	BCF        STATUS, 6
0x0209	0x076B      	ADDWF      FARG_set_servo_position_degrees, 0
0x020A	0x00F3      	MOVWF      R3
0x020B	0x086C      	MOVF       FARG_set_servo_position_degrees+1, 0
0x020C	0x1803      	BTFSC      STATUS, 0
0x020D	0x3E01      	ADDLW      1
0x020E	0x00F4      	MOVWF      R3+1
0x020F	0x3003      	MOVLW      3
0x0210	0x00F2      	MOVWF      R2
0x0211	0x0873      	MOVF       R3, 0
0x0212	0x00F0      	MOVWF      R0
0x0213	0x0874      	MOVF       R3+1, 0
0x0214	0x00F1      	MOVWF      R0+1
0x0215	0x0872      	MOVF       R2, 0
L__set_servo_position161:
0x0216	0x1903      	BTFSC      STATUS, 2
0x0217	0x2A1D      	GOTO       L__set_servo_position162
0x0218	0x0DF0      	RLF        R0, 1
0x0219	0x0DF1      	RLF        R0+1, 1
0x021A	0x1070      	BCF        R0, 0
0x021B	0x3EFF      	ADDLW      255
0x021C	0x2A16      	GOTO       L__set_servo_position161
L__set_servo_position162:
0x021D	0x30F4      	MOVLW      244
0x021E	0x0770      	ADDWF      R0, 0
0x021F	0x00F3      	MOVWF      R3
0x0220	0x0871      	MOVF       R0+1, 0
0x0221	0x1803      	BTFSC      STATUS, 0
0x0222	0x3E01      	ADDLW      1
0x0223	0x3E01      	ADDLW      1
0x0224	0x00F4      	MOVWF      R3+1
;FINaL.c,343 :: 		CCPR1L = pulse_width >> 2; // Set CCPR1L register
0x0225	0x0873      	MOVF       R3, 0
0x0226	0x00F0      	MOVWF      R0
0x0227	0x0874      	MOVF       R3+1, 0
0x0228	0x00F1      	MOVWF      R0+1
0x0229	0x0CF1      	RRF        R0+1, 1
0x022A	0x0CF0      	RRF        R0, 1
0x022B	0x13F1      	BCF        R0+1, 7
0x022C	0x1B71      	BTFSC      R0+1, 6
0x022D	0x17F1      	BSF        R0+1, 7
0x022E	0x0CF1      	RRF        R0+1, 1
0x022F	0x0CF0      	RRF        R0, 1
0x0230	0x13F1      	BCF        R0+1, 7
0x0231	0x1B71      	BTFSC      R0+1, 6
0x0232	0x17F1      	BSF        R0+1, 7
0x0233	0x0870      	MOVF       R0, 0
0x0234	0x1283      	BCF        STATUS, 5
0x0235	0x0095      	MOVWF      CCPR1L
;FINaL.c,344 :: 		CCP1CON = (CCP1CON & 0xCF) | ((pulse_width & 0x03) << 4); // Set CCP1CON register
0x0236	0x30CF      	MOVLW      207
0x0237	0x0517      	ANDWF      CCP1CON, 0
0x0238	0x00F5      	MOVWF      R5
0x0239	0x3003      	MOVLW      3
0x023A	0x0573      	ANDWF      R3, 0
0x023B	0x00F2      	MOVWF      R2
0x023C	0x0872      	MOVF       R2, 0
0x023D	0x00F0      	MOVWF      R0
0x023E	0x0DF0      	RLF        R0, 1
0x023F	0x1070      	BCF        R0, 0
0x0240	0x0DF0      	RLF        R0, 1
0x0241	0x1070      	BCF        R0, 0
0x0242	0x0DF0      	RLF        R0, 1
0x0243	0x1070      	BCF        R0, 0
0x0244	0x0DF0      	RLF        R0, 1
0x0245	0x1070      	BCF        R0, 0
0x0246	0x0870      	MOVF       R0, 0
0x0247	0x0475      	IORWF      R5, 0
0x0248	0x0097      	MOVWF      CCP1CON
;FINaL.c,345 :: 		Delay_ms(50*4); // Delay for the servo to reach the desired position
0x0249	0x3003      	MOVLW      3
0x024A	0x00FB      	MOVWF      R11
0x024B	0x3008      	MOVLW      8
0x024C	0x00FC      	MOVWF      R12
0x024D	0x3077      	MOVLW      119
0x024E	0x00FD      	MOVWF      R13
L_set_servo_position89:
0x024F	0x0BFD      	DECFSZ     R13, 1
0x0250	0x2A4F      	GOTO       L_set_servo_position89
0x0251	0x0BFC      	DECFSZ     R12, 1
0x0252	0x2A4F      	GOTO       L_set_servo_position89
0x0253	0x0BFB      	DECFSZ     R11, 1
0x0254	0x2A4F      	GOTO       L_set_servo_position89
;FINaL.c,346 :: 		}
L_end_set_servo_position:
0x0255	0x0008      	RETURN
; end of _set_servo_position
_Lcd_Out:
;__Lib_Lcd.c,184 :: 		
;__Lib_Lcd.c,187 :: 		
0x0256	0x2A68      	GOTO       L_Lcd_Out11
;__Lib_Lcd.c,188 :: 		
L_Lcd_Out13:
0x0257	0x3080      	MOVLW      128
0x0258	0x1683      	BSF        STATUS, 5
0x0259	0x1303      	BCF        STATUS, 6
0x025A	0x00EB      	MOVWF      FARG_Lcd_Out_row
0x025B	0x2A7B      	GOTO       L_Lcd_Out12
;__Lib_Lcd.c,189 :: 		
L_Lcd_Out14:
0x025C	0x30C0      	MOVLW      192
0x025D	0x00EB      	MOVWF      FARG_Lcd_Out_row
0x025E	0x2A7B      	GOTO       L_Lcd_Out12
;__Lib_Lcd.c,190 :: 		
L_Lcd_Out15:
0x025F	0x3094      	MOVLW      148
0x0260	0x00EB      	MOVWF      FARG_Lcd_Out_row
0x0261	0x2A7B      	GOTO       L_Lcd_Out12
;__Lib_Lcd.c,191 :: 		
L_Lcd_Out16:
0x0262	0x30D4      	MOVLW      212
0x0263	0x00EB      	MOVWF      FARG_Lcd_Out_row
0x0264	0x2A7B      	GOTO       L_Lcd_Out12
;__Lib_Lcd.c,192 :: 		
L_Lcd_Out17:
0x0265	0x3080      	MOVLW      128
0x0266	0x00EB      	MOVWF      FARG_Lcd_Out_row
;__Lib_Lcd.c,193 :: 		
0x0267	0x2A7B      	GOTO       L_Lcd_Out12
L_Lcd_Out11:
0x0268	0x1683      	BSF        STATUS, 5
0x0269	0x1303      	BCF        STATUS, 6
0x026A	0x086B      	MOVF       FARG_Lcd_Out_row, 0
0x026B	0x3A01      	XORLW      1
0x026C	0x1903      	BTFSC      STATUS, 2
0x026D	0x2A57      	GOTO       L_Lcd_Out13
0x026E	0x086B      	MOVF       FARG_Lcd_Out_row, 0
0x026F	0x3A02      	XORLW      2
0x0270	0x1903      	BTFSC      STATUS, 2
0x0271	0x2A5C      	GOTO       L_Lcd_Out14
0x0272	0x086B      	MOVF       FARG_Lcd_Out_row, 0
0x0273	0x3A03      	XORLW      3
0x0274	0x1903      	BTFSC      STATUS, 2
0x0275	0x2A5F      	GOTO       L_Lcd_Out15
0x0276	0x086B      	MOVF       FARG_Lcd_Out_row, 0
0x0277	0x3A04      	XORLW      4
0x0278	0x1903      	BTFSC      STATUS, 2
0x0279	0x2A62      	GOTO       L_Lcd_Out16
0x027A	0x2A65      	GOTO       L_Lcd_Out17
L_Lcd_Out12:
;__Lib_Lcd.c,194 :: 		
0x027B	0x036C      	DECF       FARG_Lcd_Out_column, 0
0x027C	0x00F0      	MOVWF      R0
0x027D	0x086B      	MOVF       FARG_Lcd_Out_row, 0
0x027E	0x07F0      	ADDWF      R0, 1
0x027F	0x0870      	MOVF       R0, 0
0x0280	0x00EB      	MOVWF      FARG_Lcd_Out_row
;__Lib_Lcd.c,196 :: 		
0x0281	0x0870      	MOVF       R0, 0
0x0282	0x1283      	BCF        STATUS, 5
0x0283	0x1703      	BSF        STATUS, 6
0x0284	0x0090      	MOVWF      FARG_Lcd_Cmd_out_char
0x0285	0x201A      	CALL       _Lcd_Cmd
;__Lib_Lcd.c,197 :: 		
0x0286	0x1683      	BSF        STATUS, 5
0x0287	0x1069      	BCF        __Lib_Lcd_cmd_status, BitPos(__Lib_Lcd_cmd_status+0)
;__Lib_Lcd.c,198 :: 		
0x0288	0x01EE      	CLRF       Lcd_Out_i_L0
;__Lib_Lcd.c,199 :: 		
L_Lcd_Out18:
0x0289	0x086E      	MOVF       Lcd_Out_i_L0, 0
0x028A	0x076D      	ADDWF      FARG_Lcd_Out_text, 0
0x028B	0x0084      	MOVWF      FSR
0x028C	0x0800      	MOVF       INDF, 0
0x028D	0x1903      	BTFSC      STATUS, 2
0x028E	0x2A97      	GOTO       L_Lcd_Out19
;__Lib_Lcd.c,200 :: 		
0x028F	0x086E      	MOVF       Lcd_Out_i_L0, 0
0x0290	0x076D      	ADDWF      FARG_Lcd_Out_text, 0
0x0291	0x0084      	MOVWF      FSR
0x0292	0x0800      	MOVF       INDF, 0
0x0293	0x00EF      	MOVWF      FARG_Lcd_Chr_CP_out_char
0x0294	0x2078      	CALL       _Lcd_Chr_CP
0x0295	0x0AEE      	INCF       Lcd_Out_i_L0, 1
0x0296	0x2A89      	GOTO       L_Lcd_Out18
L_Lcd_Out19:
;__Lib_Lcd.c,201 :: 		
0x0297	0x1469      	BSF        __Lib_Lcd_cmd_status, BitPos(__Lib_Lcd_cmd_status+0)
;__Lib_Lcd.c,202 :: 		
L_end_Lcd_Out:
0x0298	0x0008      	RETURN
; end of _Lcd_Out
___CC2DW:
;__Lib_System.c,134 :: 		
;__Lib_System.c,137 :: 		
_CC2D_Loop1:
;__Lib_System.c,139 :: 		
0x0299	0x2083      	CALL       _____DoICP
0x029A	0x118A      	BCF        PCLATH, 3
0x029B	0x120A      	BCF        PCLATH, 4
;__Lib_System.c,141 :: 		
0x029C	0x0080      	MOVWF      INDF
;__Lib_System.c,142 :: 		
0x029D	0x0A84      	INCF       FSR, 1
;__Lib_System.c,143 :: 		
0x029E	0x0ADE      	INCF       ___DoICPAddr, 1
;__Lib_System.c,145 :: 		
0x029F	0x1903      	BTFSC      STATUS, 2
;__Lib_System.c,146 :: 		
0x02A0	0x0ADF      	INCF       ___DoICPAddr+1, 1
;__Lib_System.c,147 :: 		
0x02A1	0x03F0      	DECF       R0, 1
;__Lib_System.c,149 :: 		
0x02A2	0x1D03      	BTFSS      STATUS, 2
;__Lib_System.c,150 :: 		
0x02A3	0x2A99      	GOTO       _CC2D_Loop1
;__Lib_System.c,152 :: 		
L_end___CC2DW:
0x02A4	0x0008      	RETURN
; end of ___CC2DW
_UART1_Data_Ready:
;__Lib_UART_c67.c,16 :: 		
;__Lib_UART_c67.c,17 :: 		
0x02A5	0x3000      	MOVLW      0
0x02A6	0x1283      	BCF        STATUS, 5
0x02A7	0x1303      	BCF        STATUS, 6
0x02A8	0x1A8C      	BTFSC      PIR1, 5
0x02A9	0x3001      	MOVLW      1
0x02AA	0x00F0      	MOVWF      R0
;__Lib_UART_c67.c,18 :: 		
L_end_UART1_Data_Ready:
0x02AB	0x0008      	RETURN
; end of _UART1_Data_Ready
_UART1_Read:
;__Lib_UART_c67.c,21 :: 		
;__Lib_UART_c67.c,24 :: 		
0x02AC	0x1283      	BCF        STATUS, 5
0x02AD	0x1303      	BCF        STATUS, 6
0x02AE	0x081A      	MOVF       RCREG, 0
0x02AF	0x00F1      	MOVWF      R1
;__Lib_UART_c67.c,25 :: 		
0x02B0	0x1C98      	BTFSS      RCSTA, 1
0x02B1	0x2AB4      	GOTO       L_UART1_Read2
;__Lib_UART_c67.c,26 :: 		
0x02B2	0x1218      	BCF        RCSTA, 4
;__Lib_UART_c67.c,27 :: 		
0x02B3	0x1618      	BSF        RCSTA, 4
;__Lib_UART_c67.c,28 :: 		
L_UART1_Read2:
;__Lib_UART_c67.c,29 :: 		
0x02B4	0x0871      	MOVF       R1, 0
0x02B5	0x00F0      	MOVWF      R0
;__Lib_UART_c67.c,30 :: 		
L_end_UART1_Read:
0x02B6	0x0008      	RETURN
; end of _UART1_Read
_buzz:
;FINaL.c,347 :: 		void buzz(){
;FINaL.c,348 :: 		counter=5;
0x02B7	0x3005      	MOVLW      5
0x02B8	0x1283      	BCF        STATUS, 5
0x02B9	0x1303      	BCF        STATUS, 6
0x02BA	0x00EC      	MOVWF      _counter
0x02BB	0x3000      	MOVLW      0
0x02BC	0x00ED      	MOVWF      _counter+1
;FINaL.c,349 :: 		while(counter >0){
L_buzz90:
0x02BD	0x086D      	MOVF       _counter+1, 0
0x02BE	0x3C00      	SUBLW      0
0x02BF	0x1D03      	BTFSS      STATUS, 2
0x02C0	0x2AC3      	GOTO       L__buzz164
0x02C1	0x086C      	MOVF       _counter, 0
0x02C2	0x3C00      	SUBLW      0
L__buzz164:
0x02C3	0x1803      	BTFSC      STATUS, 0
0x02C4	0x2AE4      	GOTO       L_buzz91
;FINaL.c,350 :: 		PORTC =PORTC| 0x02; //buzzer on
0x02C5	0x1487      	BSF        PORTC, 1
;FINaL.c,351 :: 		Delay_ms(100);
0x02C6	0x3002      	MOVLW      2
0x02C7	0x00FB      	MOVWF      R11
0x02C8	0x3004      	MOVLW      4
0x02C9	0x00FC      	MOVWF      R12
0x02CA	0x30BA      	MOVLW      186
0x02CB	0x00FD      	MOVWF      R13
L_buzz92:
0x02CC	0x0BFD      	DECFSZ     R13, 1
0x02CD	0x2ACC      	GOTO       L_buzz92
0x02CE	0x0BFC      	DECFSZ     R12, 1
0x02CF	0x2ACC      	GOTO       L_buzz92
0x02D0	0x0BFB      	DECFSZ     R11, 1
0x02D1	0x2ACC      	GOTO       L_buzz92
0x02D2	0x0000      	NOP
;FINaL.c,352 :: 		PORTC =PORTC & 0xFD; //buzzer off
0x02D3	0x30FD      	MOVLW      253
0x02D4	0x0587      	ANDWF      PORTC, 1
;FINaL.c,353 :: 		Delay_ms(50);
0x02D5	0x3082      	MOVLW      130
0x02D6	0x00FC      	MOVWF      R12
0x02D7	0x30DD      	MOVLW      221
0x02D8	0x00FD      	MOVWF      R13
L_buzz93:
0x02D9	0x0BFD      	DECFSZ     R13, 1
0x02DA	0x2AD9      	GOTO       L_buzz93
0x02DB	0x0BFC      	DECFSZ     R12, 1
0x02DC	0x2AD9      	GOTO       L_buzz93
0x02DD	0x0000      	NOP
0x02DE	0x0000      	NOP
;FINaL.c,355 :: 		counter --;
0x02DF	0x3001      	MOVLW      1
0x02E0	0x02EC      	SUBWF      _counter, 1
0x02E1	0x1C03      	BTFSS      STATUS, 0
0x02E2	0x03ED      	DECF       _counter+1, 1
;FINaL.c,357 :: 		}
0x02E3	0x2ABD      	GOTO       L_buzz90
L_buzz91:
;FINaL.c,361 :: 		}
L_end_buzz:
0x02E4	0x0008      	RETURN
; end of _buzz
_Lcd_Init:
;__Lib_Lcd.c,84 :: 		
;__Lib_Lcd.c,86 :: 		
0x02E5	0x1683      	BSF        STATUS, 5
0x02E6	0x1303      	BCF        STATUS, 6
0x02E7	0x1088      	BCF        LCD_EN_Direction, BitPos(LCD_EN_Direction+0)
;__Lib_Lcd.c,87 :: 		
0x02E8	0x1008      	BCF        LCD_RS_Direction, BitPos(LCD_RS_Direction+0)
;__Lib_Lcd.c,88 :: 		
0x02E9	0x1188      	BCF        LCD_D4_Direction, BitPos(LCD_D4_Direction+0)
;__Lib_Lcd.c,89 :: 		
0x02EA	0x1208      	BCF        LCD_D5_Direction, BitPos(LCD_D5_Direction+0)
;__Lib_Lcd.c,90 :: 		
0x02EB	0x1288      	BCF        LCD_D6_Direction, BitPos(LCD_D6_Direction+0)
;__Lib_Lcd.c,91 :: 		
0x02EC	0x1308      	BCF        LCD_D7_Direction, BitPos(LCD_D7_Direction+0)
;__Lib_Lcd.c,93 :: 		
0x02ED	0x1283      	BCF        STATUS, 5
0x02EE	0x1088      	BCF        LCD_EN, BitPos(LCD_EN+0)
;__Lib_Lcd.c,94 :: 		
0x02EF	0x1008      	BCF        LCD_RS, BitPos(LCD_RS+0)
;__Lib_Lcd.c,95 :: 		
0x02F0	0x1308      	BCF        LCD_D7, BitPos(LCD_D7+0)
;__Lib_Lcd.c,96 :: 		
0x02F1	0x1288      	BCF        LCD_D6, BitPos(LCD_D6+0)
;__Lib_Lcd.c,97 :: 		
0x02F2	0x1208      	BCF        LCD_D5, BitPos(LCD_D5+0)
;__Lib_Lcd.c,98 :: 		
0x02F3	0x1188      	BCF        LCD_D4, BitPos(LCD_D4+0)
;__Lib_Lcd.c,100 :: 		
0x02F4	0x2003      	CALL       _Delay_5500us
;__Lib_Lcd.c,101 :: 		
0x02F5	0x2003      	CALL       _Delay_5500us
;__Lib_Lcd.c,102 :: 		
0x02F6	0x2003      	CALL       _Delay_5500us
;__Lib_Lcd.c,105 :: 		
0x02F7	0x1608      	BSF        LCD_D5, BitPos(LCD_D5+0)
;__Lib_Lcd.c,106 :: 		
0x02F8	0x1588      	BSF        LCD_D4, BitPos(LCD_D4+0)
;__Lib_Lcd.c,107 :: 		
0x02F9	0x1488      	BSF        LCD_EN, BitPos(LCD_EN+0)
;__Lib_Lcd.c,108 :: 		
0x02FA	0x2017      	CALL       _Delay_1us
;__Lib_Lcd.c,109 :: 		
0x02FB	0x1088      	BCF        LCD_EN, BitPos(LCD_EN+0)
;__Lib_Lcd.c,110 :: 		
0x02FC	0x2003      	CALL       _Delay_5500us
;__Lib_Lcd.c,112 :: 		
0x02FD	0x1488      	BSF        LCD_EN, BitPos(LCD_EN+0)
;__Lib_Lcd.c,113 :: 		
0x02FE	0x2017      	CALL       _Delay_1us
;__Lib_Lcd.c,114 :: 		
0x02FF	0x1088      	BCF        LCD_EN, BitPos(LCD_EN+0)
;__Lib_Lcd.c,115 :: 		
0x0300	0x2003      	CALL       _Delay_5500us
;__Lib_Lcd.c,117 :: 		
0x0301	0x1488      	BSF        LCD_EN, BitPos(LCD_EN+0)
;__Lib_Lcd.c,118 :: 		
0x0302	0x2017      	CALL       _Delay_1us
;__Lib_Lcd.c,119 :: 		
0x0303	0x1088      	BCF        LCD_EN, BitPos(LCD_EN+0)
;__Lib_Lcd.c,120 :: 		
0x0304	0x2003      	CALL       _Delay_5500us
;__Lib_Lcd.c,123 :: 		
0x0305	0x1188      	BCF        LCD_D4, BitPos(LCD_D4+0)
;__Lib_Lcd.c,124 :: 		
0x0306	0x1488      	BSF        LCD_EN, BitPos(LCD_EN+0)
;__Lib_Lcd.c,125 :: 		
0x0307	0x2017      	CALL       _Delay_1us
;__Lib_Lcd.c,126 :: 		
0x0308	0x1088      	BCF        LCD_EN, BitPos(LCD_EN+0)
;__Lib_Lcd.c,127 :: 		
0x0309	0x2003      	CALL       _Delay_5500us
;__Lib_Lcd.c,130 :: 		
0x030A	0x1488      	BSF        LCD_EN, BitPos(LCD_EN+0)
;__Lib_Lcd.c,131 :: 		
0x030B	0x2017      	CALL       _Delay_1us
;__Lib_Lcd.c,132 :: 		
0x030C	0x1088      	BCF        LCD_EN, BitPos(LCD_EN+0)
;__Lib_Lcd.c,134 :: 		
0x030D	0x1208      	BCF        LCD_D5, BitPos(LCD_D5+0)
;__Lib_Lcd.c,135 :: 		
0x030E	0x1708      	BSF        LCD_D7, BitPos(LCD_D7+0)
;__Lib_Lcd.c,136 :: 		
0x030F	0x1488      	BSF        LCD_EN, BitPos(LCD_EN+0)
;__Lib_Lcd.c,137 :: 		
0x0310	0x2017      	CALL       _Delay_1us
;__Lib_Lcd.c,138 :: 		
0x0311	0x1088      	BCF        LCD_EN, BitPos(LCD_EN+0)
;__Lib_Lcd.c,139 :: 		
0x0312	0x2003      	CALL       _Delay_5500us
;__Lib_Lcd.c,142 :: 		
0x0313	0x1308      	BCF        LCD_D7, BitPos(LCD_D7+0)
;__Lib_Lcd.c,143 :: 		
0x0314	0x1588      	BSF        LCD_D4, BitPos(LCD_D4+0)
;__Lib_Lcd.c,144 :: 		
0x0315	0x1488      	BSF        LCD_EN, BitPos(LCD_EN+0)
;__Lib_Lcd.c,145 :: 		
0x0316	0x2017      	CALL       _Delay_1us
;__Lib_Lcd.c,146 :: 		
0x0317	0x1088      	BCF        LCD_EN, BitPos(LCD_EN+0)
;__Lib_Lcd.c,148 :: 		
0x0318	0x1188      	BCF        LCD_D4, BitPos(LCD_D4+0)
;__Lib_Lcd.c,149 :: 		
0x0319	0x1488      	BSF        LCD_EN, BitPos(LCD_EN+0)
;__Lib_Lcd.c,150 :: 		
0x031A	0x2017      	CALL       _Delay_1us
;__Lib_Lcd.c,151 :: 		
0x031B	0x1088      	BCF        LCD_EN, BitPos(LCD_EN+0)
;__Lib_Lcd.c,152 :: 		
0x031C	0x2003      	CALL       _Delay_5500us
;__Lib_Lcd.c,155 :: 		
0x031D	0x1488      	BSF        LCD_EN, BitPos(LCD_EN+0)
;__Lib_Lcd.c,156 :: 		
0x031E	0x2017      	CALL       _Delay_1us
;__Lib_Lcd.c,157 :: 		
0x031F	0x1088      	BCF        LCD_EN, BitPos(LCD_EN+0)
;__Lib_Lcd.c,159 :: 		
0x0320	0x1588      	BSF        LCD_D4, BitPos(LCD_D4+0)
;__Lib_Lcd.c,160 :: 		
0x0321	0x1488      	BSF        LCD_EN, BitPos(LCD_EN+0)
;__Lib_Lcd.c,161 :: 		
0x0322	0x2017      	CALL       _Delay_1us
;__Lib_Lcd.c,162 :: 		
0x0323	0x1088      	BCF        LCD_EN, BitPos(LCD_EN+0)
;__Lib_Lcd.c,163 :: 		
0x0324	0x2003      	CALL       _Delay_5500us
;__Lib_Lcd.c,166 :: 		
0x0325	0x1188      	BCF        LCD_D4, BitPos(LCD_D4+0)
;__Lib_Lcd.c,167 :: 		
0x0326	0x1488      	BSF        LCD_EN, BitPos(LCD_EN+0)
;__Lib_Lcd.c,168 :: 		
0x0327	0x2017      	CALL       _Delay_1us
;__Lib_Lcd.c,169 :: 		
0x0328	0x1088      	BCF        LCD_EN, BitPos(LCD_EN+0)
;__Lib_Lcd.c,171 :: 		
0x0329	0x1708      	BSF        LCD_D7, BitPos(LCD_D7+0)
;__Lib_Lcd.c,172 :: 		
0x032A	0x1688      	BSF        LCD_D6, BitPos(LCD_D6+0)
;__Lib_Lcd.c,173 :: 		
0x032B	0x1608      	BSF        LCD_D5, BitPos(LCD_D5+0)
;__Lib_Lcd.c,174 :: 		
0x032C	0x1588      	BSF        LCD_D4, BitPos(LCD_D4+0)
;__Lib_Lcd.c,175 :: 		
0x032D	0x1488      	BSF        LCD_EN, BitPos(LCD_EN+0)
;__Lib_Lcd.c,176 :: 		
0x032E	0x2017      	CALL       _Delay_1us
;__Lib_Lcd.c,177 :: 		
0x032F	0x1088      	BCF        LCD_EN, BitPos(LCD_EN+0)
;__Lib_Lcd.c,179 :: 		
0x0330	0x2003      	CALL       _Delay_5500us
;__Lib_Lcd.c,181 :: 		
0x0331	0x1683      	BSF        STATUS, 5
0x0332	0x1469      	BSF        __Lib_Lcd_cmd_status, BitPos(__Lib_Lcd_cmd_status+0)
;__Lib_Lcd.c,182 :: 		
L_end_Lcd_Init:
0x0333	0x0008      	RETURN
; end of _Lcd_Init
_main:
0x0334	0x2536      	CALL       1334
;FINaL.c,89 :: 		void main(){
;FINaL.c,90 :: 		Lcd_Init();                        // Initialize LCD
0x0335	0x22E5      	CALL       _Lcd_Init
;FINaL.c,92 :: 		Lcd_Cmd(_LCD_CLEAR);               // Clear display
0x0336	0x3001      	MOVLW      1
0x0337	0x1283      	BCF        STATUS, 5
0x0338	0x1703      	BSF        STATUS, 6
0x0339	0x0090      	MOVWF      FARG_Lcd_Cmd_out_char
0x033A	0x201A      	CALL       _Lcd_Cmd
;FINaL.c,93 :: 		Lcd_Cmd(_LCD_CURSOR_OFF);          // Cursor off
0x033B	0x300C      	MOVLW      12
0x033C	0x1703      	BSF        STATUS, 6
0x033D	0x0090      	MOVWF      FARG_Lcd_Cmd_out_char
0x033E	0x201A      	CALL       _Lcd_Cmd
;FINaL.c,94 :: 		pwm_init();
0x033F	0x21F7      	CALL       _pwm_init
;FINaL.c,95 :: 		TRISC=0x81; //rc7 & rc0 input rest out
0x0340	0x3081      	MOVLW      129
0x0341	0x0087      	MOVWF      TRISC
;FINaL.c,96 :: 		PORTC=0x00;
0x0342	0x1283      	BCF        STATUS, 5
0x0343	0x0187      	CLRF       PORTC
;FINaL.c,97 :: 		TRISB = 0x0F;//keypad
0x0344	0x300F      	MOVLW      15
0x0345	0x1683      	BSF        STATUS, 5
0x0346	0x0086      	MOVWF      TRISB
;FINaL.c,98 :: 		option_reg = option_reg&0x7F;//keypad   weak pullup
0x0347	0x307F      	MOVLW      127
0x0348	0x0581      	ANDWF      OPTION_REG, 1
;FINaL.c,99 :: 		set_servo_position(0);
0x0349	0x01EB      	CLRF       FARG_set_servo_position_degrees
0x034A	0x01EC      	CLRF       FARG_set_servo_position_degrees+1
0x034B	0x2206      	CALL       _set_servo_position
;FINaL.c,115 :: 		while(1) {
L_main1:
0x034C	0x1283      	BCF        STATUS, 5
;FINaL.c,119 :: 		temp= (PORTC & 0x01);
0x034D	0x3001      	MOVLW      1
0x034E	0x0507      	ANDWF      PORTC, 0
0x034F	0x1683      	BSF        STATUS, 5
0x0350	0x00E3      	MOVWF      _temp
0x0351	0x01E4      	CLRF       _temp+1
0x0352	0x3000      	MOVLW      0
0x0353	0x05E4      	ANDWF      _temp+1, 1
0x0354	0x3000      	MOVLW      0
0x0355	0x00E4      	MOVWF      _temp+1
;FINaL.c,122 :: 		while(!temp){ //if sensor on
L_main3:
0x0356	0x1683      	BSF        STATUS, 5
0x0357	0x0863      	MOVF       _temp, 0
0x0358	0x0464      	IORWF      _temp+1, 0
0x0359	0x1D03      	BTFSS      STATUS, 2
0x035A	0x2CA3      	GOTO       L_main4
;FINaL.c,123 :: 		Lcd_Out(1,1,txt1);
0x035B	0x3001      	MOVLW      1
0x035C	0x00EB      	MOVWF      FARG_Lcd_Out_row
0x035D	0x3001      	MOVLW      1
0x035E	0x00EC      	MOVWF      FARG_Lcd_Out_column
0x035F	0x3058      	MOVLW      _txt1
0x0360	0x00ED      	MOVWF      FARG_Lcd_Out_text
0x0361	0x2256      	CALL       _Lcd_Out
;FINaL.c,124 :: 		Delay_ms(1000);
0x0362	0x300B      	MOVLW      11
0x0363	0x00FB      	MOVWF      R11
0x0364	0x3026      	MOVLW      38
0x0365	0x00FC      	MOVWF      R12
0x0366	0x305D      	MOVLW      93
0x0367	0x00FD      	MOVWF      R13
L_main5:
0x0368	0x0BFD      	DECFSZ     R13, 1
0x0369	0x2B68      	GOTO       L_main5
0x036A	0x0BFC      	DECFSZ     R12, 1
0x036B	0x2B68      	GOTO       L_main5
0x036C	0x0BFB      	DECFSZ     R11, 1
0x036D	0x2B68      	GOTO       L_main5
0x036E	0x0000      	NOP
0x036F	0x0000      	NOP
;FINaL.c,125 :: 		Lcd_Out(1,1,txt2);
0x0370	0x3001      	MOVLW      1
0x0371	0x00EB      	MOVWF      FARG_Lcd_Out_row
0x0372	0x3001      	MOVLW      1
0x0373	0x00EC      	MOVWF      FARG_Lcd_Out_column
0x0374	0x3049      	MOVLW      _txt2
0x0375	0x00ED      	MOVWF      FARG_Lcd_Out_text
0x0376	0x2256      	CALL       _Lcd_Out
;FINaL.c,126 :: 		while(!UART1_Data_Ready()); //Read from Bluetooth
L_main6:
0x0377	0x22A5      	CALL       _UART1_Data_Ready
0x0378	0x0870      	MOVF       R0, 0
0x0379	0x1D03      	BTFSS      STATUS, 2
0x037A	0x2B7C      	GOTO       L_main7
0x037B	0x2B77      	GOTO       L_main6
L_main7:
;FINaL.c,127 :: 		if (UART1_Data_Ready()){
0x037C	0x22A5      	CALL       _UART1_Data_Ready
0x037D	0x0870      	MOVF       R0, 0
0x037E	0x1903      	BTFSC      STATUS, 2
0x037F	0x2CA2      	GOTO       L_main8
;FINaL.c,128 :: 		IncData = UART1_Read();           //Store the received data in IncData
0x0380	0x22AC      	CALL       _UART1_Read
0x0381	0x0870      	MOVF       R0, 0
0x0382	0x1683      	BSF        STATUS, 5
0x0383	0x00E2      	MOVWF      _IncData
;FINaL.c,130 :: 		if ( IncData == '1') {            //If it received 1, check password
0x0384	0x0870      	MOVF       R0, 0
0x0385	0x3A31      	XORLW      49
0x0386	0x1D03      	BTFSS      STATUS, 2
0x0387	0x2C85      	GOTO       L_main9
;FINaL.c,131 :: 		Lcd_Cmd(_LCD_CLEAR);
0x0388	0x3001      	MOVLW      1
0x0389	0x1283      	BCF        STATUS, 5
0x038A	0x1703      	BSF        STATUS, 6
0x038B	0x0090      	MOVWF      FARG_Lcd_Cmd_out_char
0x038C	0x201A      	CALL       _Lcd_Cmd
;FINaL.c,132 :: 		Lcd_Out(1,1,txt3);
0x038D	0x3001      	MOVLW      1
0x038E	0x1683      	BSF        STATUS, 5
0x038F	0x00EB      	MOVWF      FARG_Lcd_Out_row
0x0390	0x3001      	MOVLW      1
0x0391	0x00EC      	MOVWF      FARG_Lcd_Out_column
0x0392	0x3030      	MOVLW      _txt3
0x0393	0x00ED      	MOVWF      FARG_Lcd_Out_text
0x0394	0x2256      	CALL       _Lcd_Out
;FINaL.c,133 :: 		Delay_ms(1500);
0x0395	0x3010      	MOVLW      16
0x0396	0x00FB      	MOVWF      R11
0x0397	0x3039      	MOVLW      57
0x0398	0x00FC      	MOVWF      R12
0x0399	0x300D      	MOVLW      13
0x039A	0x00FD      	MOVWF      R13
L_main10:
0x039B	0x0BFD      	DECFSZ     R13, 1
0x039C	0x2B9B      	GOTO       L_main10
0x039D	0x0BFC      	DECFSZ     R12, 1
0x039E	0x2B9B      	GOTO       L_main10
0x039F	0x0BFB      	DECFSZ     R11, 1
0x03A0	0x2B9B      	GOTO       L_main10
0x03A1	0x0000      	NOP
0x03A2	0x0000      	NOP
;FINaL.c,134 :: 		Lcd_Cmd(_LCD_CLEAR);
0x03A3	0x3001      	MOVLW      1
0x03A4	0x1283      	BCF        STATUS, 5
0x03A5	0x1703      	BSF        STATUS, 6
0x03A6	0x0090      	MOVWF      FARG_Lcd_Cmd_out_char
0x03A7	0x201A      	CALL       _Lcd_Cmd
;FINaL.c,135 :: 		Lcd_Out(1,1,txt4);
0x03A8	0x3001      	MOVLW      1
0x03A9	0x1683      	BSF        STATUS, 5
0x03AA	0x00EB      	MOVWF      FARG_Lcd_Out_row
0x03AB	0x3001      	MOVLW      1
0x03AC	0x00EC      	MOVWF      FARG_Lcd_Out_column
0x03AD	0x3020      	MOVLW      _txt4
0x03AE	0x00ED      	MOVWF      FARG_Lcd_Out_text
0x03AF	0x2256      	CALL       _Lcd_Out
;FINaL.c,136 :: 		for(i=0;i<5;i++)
0x03B0	0x01DC      	CLRF       _i
0x03B1	0x01DD      	CLRF       _i+1
L_main11:
0x03B2	0x3000      	MOVLW      0
0x03B3	0x025D      	SUBWF      _i+1, 0
0x03B4	0x1D03      	BTFSS      STATUS, 2
0x03B5	0x2BB8      	GOTO       L__main109
0x03B6	0x3005      	MOVLW      5
0x03B7	0x025C      	SUBWF      _i, 0
L__main109:
0x03B8	0x1803      	BTFSC      STATUS, 0
0x03B9	0x2BCD      	GOTO       L_main12
;FINaL.c,138 :: 		kp=key();
0x03BA	0x208A      	CALL       _key
0x03BB	0x0870      	MOVF       R0, 0
0x03BC	0x00EA      	MOVWF      _kp
;FINaL.c,139 :: 		pass[i]=kp;
0x03BD	0x085C      	MOVF       _i, 0
0x03BE	0x3EE5      	ADDLW      _pass
0x03BF	0x0084      	MOVWF      FSR
0x03C0	0x0870      	MOVF       R0, 0
0x03C1	0x0080      	MOVWF      INDF
;FINaL.c,140 :: 		Lcd_Out(1,i,txt5);
0x03C2	0x3001      	MOVLW      1
0x03C3	0x00EB      	MOVWF      FARG_Lcd_Out_row
0x03C4	0x085C      	MOVF       _i, 0
0x03C5	0x00EC      	MOVWF      FARG_Lcd_Out_column
0x03C6	0x306E      	MOVLW      _txt5
0x03C7	0x00ED      	MOVWF      FARG_Lcd_Out_text
0x03C8	0x2256      	CALL       _Lcd_Out
;FINaL.c,136 :: 		for(i=0;i<5;i++)
0x03C9	0x0ADC      	INCF       _i, 1
0x03CA	0x1903      	BTFSC      STATUS, 2
0x03CB	0x0ADD      	INCF       _i+1, 1
;FINaL.c,141 :: 		}
0x03CC	0x2BB2      	GOTO       L_main11
L_main12:
;FINaL.c,143 :: 		while(pass[1]!='1' || pass[2]!='2' && pass[3] != '3' && pass[4] !='4'){
L_main14:
0x03CD	0x0866      	MOVF       _pass+1, 0
0x03CE	0x3A31      	XORLW      49
0x03CF	0x1D03      	BTFSS      STATUS, 2
0x03D0	0x2BDF      	GOTO       L__main94
0x03D1	0x0867      	MOVF       _pass+2, 0
0x03D2	0x3A32      	XORLW      50
0x03D3	0x1903      	BTFSC      STATUS, 2
0x03D4	0x2BDE      	GOTO       L__main95
0x03D5	0x0868      	MOVF       _pass+3, 0
0x03D6	0x3A33      	XORLW      51
0x03D7	0x1903      	BTFSC      STATUS, 2
0x03D8	0x2BDE      	GOTO       L__main95
0x03D9	0x0869      	MOVF       _pass+4, 0
0x03DA	0x3A34      	XORLW      52
0x03DB	0x1903      	BTFSC      STATUS, 2
0x03DC	0x2BDE      	GOTO       L__main95
0x03DD	0x2BDF      	GOTO       L__main94
L__main95:
0x03DE	0x2C47      	GOTO       L_main15
L__main94:
;FINaL.c,144 :: 		counter++;
0x03DF	0x1283      	BCF        STATUS, 5
0x03E0	0x0AEC      	INCF       _counter, 1
0x03E1	0x1903      	BTFSC      STATUS, 2
0x03E2	0x0AED      	INCF       _counter+1, 1
;FINaL.c,145 :: 		Lcd_Cmd(_LCD_CLEAR);
0x03E3	0x3001      	MOVLW      1
0x03E4	0x1703      	BSF        STATUS, 6
0x03E5	0x0090      	MOVWF      FARG_Lcd_Cmd_out_char
0x03E6	0x201A      	CALL       _Lcd_Cmd
;FINaL.c,146 :: 		Lcd_Out(1,1,txt8);
0x03E7	0x3001      	MOVLW      1
0x03E8	0x1683      	BSF        STATUS, 5
0x03E9	0x00EB      	MOVWF      FARG_Lcd_Out_row
0x03EA	0x3001      	MOVLW      1
0x03EB	0x00EC      	MOVWF      FARG_Lcd_Out_column
0x03EC	0x3062      	MOVLW      _txt8
0x03ED	0x00ED      	MOVWF      FARG_Lcd_Out_text
0x03EE	0x2256      	CALL       _Lcd_Out
;FINaL.c,147 :: 		Lcd_Out(2,1,txt9);
0x03EF	0x3002      	MOVLW      2
0x03F0	0x00EB      	MOVWF      FARG_Lcd_Out_row
0x03F1	0x3001      	MOVLW      1
0x03F2	0x00EC      	MOVWF      FARG_Lcd_Out_column
0x03F3	0x30A0      	MOVLW      _txt9
0x03F4	0x00ED      	MOVWF      FARG_Lcd_Out_text
0x03F5	0x2256      	CALL       _Lcd_Out
;FINaL.c,148 :: 		Delay_ms(1000);
0x03F6	0x300B      	MOVLW      11
0x03F7	0x00FB      	MOVWF      R11
0x03F8	0x3026      	MOVLW      38
0x03F9	0x00FC      	MOVWF      R12
0x03FA	0x305D      	MOVLW      93
0x03FB	0x00FD      	MOVWF      R13
L_main20:
0x03FC	0x0BFD      	DECFSZ     R13, 1
0x03FD	0x2BFC      	GOTO       L_main20
0x03FE	0x0BFC      	DECFSZ     R12, 1
0x03FF	0x2BFC      	GOTO       L_main20
0x0400	0x0BFB      	DECFSZ     R11, 1
0x0401	0x2BFC      	GOTO       L_main20
0x0402	0x0000      	NOP
0x0403	0x0000      	NOP
;FINaL.c,149 :: 		Lcd_Cmd(_LCD_CLEAR);
0x0404	0x3001      	MOVLW      1
0x0405	0x1283      	BCF        STATUS, 5
0x0406	0x1703      	BSF        STATUS, 6
0x0407	0x0090      	MOVWF      FARG_Lcd_Cmd_out_char
0x0408	0x201A      	CALL       _Lcd_Cmd
;FINaL.c,150 :: 		Lcd_Out(1,1,txt4);
0x0409	0x3001      	MOVLW      1
0x040A	0x1683      	BSF        STATUS, 5
0x040B	0x00EB      	MOVWF      FARG_Lcd_Out_row
0x040C	0x3001      	MOVLW      1
0x040D	0x00EC      	MOVWF      FARG_Lcd_Out_column
0x040E	0x3020      	MOVLW      _txt4
0x040F	0x00ED      	MOVWF      FARG_Lcd_Out_text
0x0410	0x2256      	CALL       _Lcd_Out
;FINaL.c,151 :: 		if(counter ==3){
0x0411	0x3000      	MOVLW      0
0x0412	0x1283      	BCF        STATUS, 5
0x0413	0x066D      	XORWF      _counter+1, 0
0x0414	0x1D03      	BTFSS      STATUS, 2
0x0415	0x2C18      	GOTO       L__main110
0x0416	0x3003      	MOVLW      3
0x0417	0x066C      	XORWF      _counter, 0
L__main110:
0x0418	0x1D03      	BTFSS      STATUS, 2
0x0419	0x2C28      	GOTO       L_main21
;FINaL.c,153 :: 		Lcd_Cmd(_LCD_CLEAR);
0x041A	0x3001      	MOVLW      1
0x041B	0x1703      	BSF        STATUS, 6
0x041C	0x0090      	MOVWF      FARG_Lcd_Cmd_out_char
0x041D	0x201A      	CALL       _Lcd_Cmd
;FINaL.c,154 :: 		Lcd_Out(2,1,txt10);
0x041E	0x3002      	MOVLW      2
0x041F	0x1683      	BSF        STATUS, 5
0x0420	0x00EB      	MOVWF      FARG_Lcd_Out_row
0x0421	0x3001      	MOVLW      1
0x0422	0x00EC      	MOVWF      FARG_Lcd_Out_column
0x0423	0x30C4      	MOVLW      _txt10
0x0424	0x00ED      	MOVWF      FARG_Lcd_Out_text
0x0425	0x2256      	CALL       _Lcd_Out
;FINaL.c,155 :: 		buzz();
0x0426	0x22B7      	CALL       _buzz
;FINaL.c,157 :: 		break;
0x0427	0x2C47      	GOTO       L_main15
;FINaL.c,159 :: 		}
L_main21:
;FINaL.c,160 :: 		for(i=0;i<5;i++)
0x0428	0x1683      	BSF        STATUS, 5
0x0429	0x01DC      	CLRF       _i
0x042A	0x01DD      	CLRF       _i+1
L_main22:
0x042B	0x3000      	MOVLW      0
0x042C	0x025D      	SUBWF      _i+1, 0
0x042D	0x1D03      	BTFSS      STATUS, 2
0x042E	0x2C31      	GOTO       L__main111
0x042F	0x3005      	MOVLW      5
0x0430	0x025C      	SUBWF      _i, 0
L__main111:
0x0431	0x1803      	BTFSC      STATUS, 0
0x0432	0x2C46      	GOTO       L_main23
;FINaL.c,162 :: 		kp=key();
0x0433	0x208A      	CALL       _key
0x0434	0x0870      	MOVF       R0, 0
0x0435	0x00EA      	MOVWF      _kp
;FINaL.c,163 :: 		pass[i]=kp;
0x0436	0x085C      	MOVF       _i, 0
0x0437	0x3EE5      	ADDLW      _pass
0x0438	0x0084      	MOVWF      FSR
0x0439	0x0870      	MOVF       R0, 0
0x043A	0x0080      	MOVWF      INDF
;FINaL.c,164 :: 		Lcd_Out(1,i,txt5);
0x043B	0x3001      	MOVLW      1
0x043C	0x00EB      	MOVWF      FARG_Lcd_Out_row
0x043D	0x085C      	MOVF       _i, 0
0x043E	0x00EC      	MOVWF      FARG_Lcd_Out_column
0x043F	0x306E      	MOVLW      _txt5
0x0440	0x00ED      	MOVWF      FARG_Lcd_Out_text
0x0441	0x2256      	CALL       _Lcd_Out
;FINaL.c,160 :: 		for(i=0;i<5;i++)
0x0442	0x0ADC      	INCF       _i, 1
0x0443	0x1903      	BTFSC      STATUS, 2
0x0444	0x0ADD      	INCF       _i+1, 1
;FINaL.c,165 :: 		}
0x0445	0x2C2B      	GOTO       L_main22
L_main23:
;FINaL.c,167 :: 		}
0x0446	0x2BCD      	GOTO       L_main14
L_main15:
;FINaL.c,170 :: 		Lcd_Cmd(_LCD_CLEAR);
0x0447	0x3001      	MOVLW      1
0x0448	0x1283      	BCF        STATUS, 5
0x0449	0x1703      	BSF        STATUS, 6
0x044A	0x0090      	MOVWF      FARG_Lcd_Cmd_out_char
0x044B	0x201A      	CALL       _Lcd_Cmd
;FINaL.c,172 :: 		Lcd_Out(1,1,txt7);
0x044C	0x3001      	MOVLW      1
0x044D	0x1683      	BSF        STATUS, 5
0x044E	0x00EB      	MOVWF      FARG_Lcd_Out_row
0x044F	0x3001      	MOVLW      1
0x0450	0x00EC      	MOVWF      FARG_Lcd_Out_column
0x0451	0x30D4      	MOVLW      _txt7
0x0452	0x00ED      	MOVWF      FARG_Lcd_Out_text
0x0453	0x2256      	CALL       _Lcd_Out
;FINaL.c,173 :: 		Delay_ms(1500);
0x0454	0x3010      	MOVLW      16
0x0455	0x00FB      	MOVWF      R11
0x0456	0x3039      	MOVLW      57
0x0457	0x00FC      	MOVWF      R12
0x0458	0x300D      	MOVLW      13
0x0459	0x00FD      	MOVWF      R13
L_main25:
0x045A	0x0BFD      	DECFSZ     R13, 1
0x045B	0x2C5A      	GOTO       L_main25
0x045C	0x0BFC      	DECFSZ     R12, 1
0x045D	0x2C5A      	GOTO       L_main25
0x045E	0x0BFB      	DECFSZ     R11, 1
0x045F	0x2C5A      	GOTO       L_main25
0x0460	0x0000      	NOP
0x0461	0x0000      	NOP
;FINaL.c,174 :: 		Lcd_Cmd(_LCD_CLEAR);
0x0462	0x3001      	MOVLW      1
0x0463	0x1283      	BCF        STATUS, 5
0x0464	0x1703      	BSF        STATUS, 6
0x0465	0x0090      	MOVWF      FARG_Lcd_Cmd_out_char
0x0466	0x201A      	CALL       _Lcd_Cmd
;FINaL.c,175 :: 		Lcd_Out(1,1,txt6);
0x0467	0x3001      	MOVLW      1
0x0468	0x1683      	BSF        STATUS, 5
0x0469	0x00EB      	MOVWF      FARG_Lcd_Out_row
0x046A	0x3001      	MOVLW      1
0x046B	0x00EC      	MOVWF      FARG_Lcd_Out_column
0x046C	0x30B7      	MOVLW      _txt6
0x046D	0x00ED      	MOVWF      FARG_Lcd_Out_text
0x046E	0x2256      	CALL       _Lcd_Out
;FINaL.c,176 :: 		set_servo_position(90); //open door
0x046F	0x305A      	MOVLW      90
0x0470	0x00EB      	MOVWF      FARG_set_servo_position_degrees
0x0471	0x3000      	MOVLW      0
0x0472	0x00EC      	MOVWF      FARG_set_servo_position_degrees+1
0x0473	0x2206      	CALL       _set_servo_position
;FINaL.c,179 :: 		Delay_ms(4000);
0x0474	0x3029      	MOVLW      41
0x0475	0x00FB      	MOVWF      R11
0x0476	0x3096      	MOVLW      150
0x0477	0x00FC      	MOVWF      R12
0x0478	0x307F      	MOVLW      127
0x0479	0x00FD      	MOVWF      R13
L_main26:
0x047A	0x0BFD      	DECFSZ     R13, 1
0x047B	0x2C7A      	GOTO       L_main26
0x047C	0x0BFC      	DECFSZ     R12, 1
0x047D	0x2C7A      	GOTO       L_main26
0x047E	0x0BFB      	DECFSZ     R11, 1
0x047F	0x2C7A      	GOTO       L_main26
;FINaL.c,180 :: 		set_servo_position(0); //CLose door
0x0480	0x1683      	BSF        STATUS, 5
0x0481	0x01EB      	CLRF       FARG_set_servo_position_degrees
0x0482	0x01EC      	CLRF       FARG_set_servo_position_degrees+1
0x0483	0x2206      	CALL       _set_servo_position
;FINaL.c,186 :: 		}
0x0484	0x2C98      	GOTO       L_main27
L_main9:
;FINaL.c,187 :: 		else if ( IncData == '0'){
0x0485	0x1683      	BSF        STATUS, 5
0x0486	0x0862      	MOVF       _IncData, 0
0x0487	0x3A30      	XORLW      48
0x0488	0x1D03      	BTFSS      STATUS, 2
0x0489	0x2C98      	GOTO       L_main28
;FINaL.c,189 :: 		Lcd_Cmd(_LCD_CLEAR);
0x048A	0x3001      	MOVLW      1
0x048B	0x1283      	BCF        STATUS, 5
0x048C	0x1703      	BSF        STATUS, 6
0x048D	0x0090      	MOVWF      FARG_Lcd_Cmd_out_char
0x048E	0x201A      	CALL       _Lcd_Cmd
;FINaL.c,191 :: 		Lcd_Out(1,1,txt11);
0x048F	0x3001      	MOVLW      1
0x0490	0x1683      	BSF        STATUS, 5
0x0491	0x00EB      	MOVWF      FARG_Lcd_Out_row
0x0492	0x3001      	MOVLW      1
0x0493	0x00EC      	MOVWF      FARG_Lcd_Out_column
0x0494	0x30AA      	MOVLW      _txt11
0x0495	0x00ED      	MOVWF      FARG_Lcd_Out_text
0x0496	0x2256      	CALL       _Lcd_Out
;FINaL.c,193 :: 		break;
0x0497	0x2CA3      	GOTO       L_main4
;FINaL.c,202 :: 		}
L_main28:
L_main27:
;FINaL.c,214 :: 		temp = (PORTC & 0x01);
0x0498	0x3001      	MOVLW      1
0x0499	0x1283      	BCF        STATUS, 5
0x049A	0x0507      	ANDWF      PORTC, 0
0x049B	0x1683      	BSF        STATUS, 5
0x049C	0x00E3      	MOVWF      _temp
0x049D	0x01E4      	CLRF       _temp+1
0x049E	0x3000      	MOVLW      0
0x049F	0x05E4      	ANDWF      _temp+1, 1
0x04A0	0x3000      	MOVLW      0
0x04A1	0x00E4      	MOVWF      _temp+1
;FINaL.c,216 :: 		}
L_main8:
;FINaL.c,219 :: 		}
0x04A2	0x2B56      	GOTO       L_main3
L_main4:
;FINaL.c,220 :: 		}
0x04A3	0x2B4C      	GOTO       L_main1
;FINaL.c,221 :: 		}
L_end_main:
0x04A4	0x2CA4      	GOTO       $+0
; end of _main
0x0536	0x3020      	MOVLW      32
0x0537	0x0084      	MOVWF      FSR
0x0538	0x304C      	MOVLW      76
0x0539	0x1283      	BCF        STATUS, 5
0x053A	0x1303      	BCF        STATUS, 6
0x053B	0x00F0      	MOVWF      R0
0x053C	0x30AA      	MOVLW      170
0x053D	0x1683      	BSF        STATUS, 5
0x053E	0x00DE      	MOVWF      ___DoICPAddr
0x053F	0x3004      	MOVLW      4
0x0540	0x00DF      	MOVWF      223
0x0541	0x2299      	CALL       665
0x0542	0x30A0      	MOVLW      160
0x0543	0x0084      	MOVWF      FSR
0x0544	0x300A      	MOVLW      10
0x0545	0x1283      	BCF        STATUS, 5
0x0546	0x00F0      	MOVWF      R0
0x0547	0x3028      	MOVLW      40
0x0548	0x1683      	BSF        STATUS, 5
0x0549	0x00DE      	MOVWF      ___DoICPAddr
0x054A	0x3005      	MOVLW      5
0x054B	0x00DF      	MOVWF      223
0x054C	0x2299      	CALL       665
0x054D	0x306C      	MOVLW      108
0x054E	0x0084      	MOVWF      FSR
0x054F	0x3004      	MOVLW      4
0x0550	0x1283      	BCF        STATUS, 5
0x0551	0x00F0      	MOVWF      R0
0x0552	0x3032      	MOVLW      50
0x0553	0x1683      	BSF        STATUS, 5
0x0554	0x00DE      	MOVWF      ___DoICPAddr
0x0555	0x3005      	MOVLW      5
0x0556	0x00DF      	MOVWF      223
0x0557	0x2299      	CALL       665
0x0558	0x30AA      	MOVLW      170
0x0559	0x0084      	MOVWF      FSR
0x055A	0x3032      	MOVLW      50
0x055B	0x1283      	BCF        STATUS, 5
0x055C	0x00F0      	MOVWF      R0
0x055D	0x30F6      	MOVLW      246
0x055E	0x1683      	BSF        STATUS, 5
0x055F	0x00DE      	MOVWF      ___DoICPAddr
0x0560	0x3004      	MOVLW      4
0x0561	0x00DF      	MOVWF      223
0x0562	0x2299      	CALL       665
0x0563	0x0008      	RETURN
;FINaL.c,0 :: ?ICS_txt4
0x04AA	0x3445 ;?ICS_txt4+0
0x04AB	0x344E ;?ICS_txt4+1
0x04AC	0x3454 ;?ICS_txt4+2
0x04AD	0x3445 ;?ICS_txt4+3
0x04AE	0x3452 ;?ICS_txt4+4
0x04AF	0x3420 ;?ICS_txt4+5
0x04B0	0x3450 ;?ICS_txt4+6
0x04B1	0x3441 ;?ICS_txt4+7
0x04B2	0x3453 ;?ICS_txt4+8
0x04B3	0x3453 ;?ICS_txt4+9
0x04B4	0x3457 ;?ICS_txt4+10
0x04B5	0x344F ;?ICS_txt4+11
0x04B6	0x3452 ;?ICS_txt4+12
0x04B7	0x3444 ;?ICS_txt4+13
0x04B8	0x343A ;?ICS_txt4+14
0x04B9	0x3400 ;?ICS_txt4+15
; end of ?ICS_txt4
;FINaL.c,0 :: ?ICS_txt3
0x04BA	0x3456 ;?ICS_txt3+0
0x04BB	0x3445 ;?ICS_txt3+1
0x04BC	0x3452 ;?ICS_txt3+2
0x04BD	0x3449 ;?ICS_txt3+3
0x04BE	0x3446 ;?ICS_txt3+4
0x04BF	0x3449 ;?ICS_txt3+5
0x04C0	0x3445 ;?ICS_txt3+6
0x04C1	0x3444 ;?ICS_txt3+7
0x04C2	0x3400 ;?ICS_txt3+8
; end of ?ICS_txt3
;FINaL.c,0 :: ?ICS_keypad
0x04C3	0x3431 ;?ICS_keypad+0
0x04C4	0x3432 ;?ICS_keypad+1
0x04C5	0x3433 ;?ICS_keypad+2
0x04C6	0x3441 ;?ICS_keypad+3
0x04C7	0x3434 ;?ICS_keypad+4
0x04C8	0x3435 ;?ICS_keypad+5
0x04C9	0x3436 ;?ICS_keypad+6
0x04CA	0x3442 ;?ICS_keypad+7
0x04CB	0x3437 ;?ICS_keypad+8
0x04CC	0x3438 ;?ICS_keypad+9
0x04CD	0x3439 ;?ICS_keypad+10
0x04CE	0x3443 ;?ICS_keypad+11
0x04CF	0x342A ;?ICS_keypad+12
0x04D0	0x3430 ;?ICS_keypad+13
0x04D1	0x3423 ;?ICS_keypad+14
0x04D2	0x3444 ;?ICS_keypad+15
; end of ?ICS_keypad
;FINaL.c,0 :: ?ICS_txt2
0x04D3	0x3443 ;?ICS_txt2+0
0x04D4	0x3448 ;?ICS_txt2+1
0x04D5	0x3445 ;?ICS_txt2+2
0x04D6	0x3443 ;?ICS_txt2+3
0x04D7	0x344B ;?ICS_txt2+4
0x04D8	0x3449 ;?ICS_txt2+5
0x04D9	0x344E ;?ICS_txt2+6
0x04DA	0x3447 ;?ICS_txt2+7
0x04DB	0x3420 ;?ICS_txt2+8
0x04DC	0x3449 ;?ICS_txt2+9
0x04DD	0x3444 ;?ICS_txt2+10
0x04DE	0x342E ;?ICS_txt2+11
0x04DF	0x342E ;?ICS_txt2+12
0x04E0	0x342E ;?ICS_txt2+13
0x04E1	0x3400 ;?ICS_txt2+14
; end of ?ICS_txt2
;FINaL.c,0 :: ?ICS_txt1
0x04E2	0x3457 ;?ICS_txt1+0
0x04E3	0x3445 ;?ICS_txt1+1
0x04E4	0x344C ;?ICS_txt1+2
0x04E5	0x3443 ;?ICS_txt1+3
0x04E6	0x344F ;?ICS_txt1+4
0x04E7	0x344D ;?ICS_txt1+5
0x04E8	0x3445 ;?ICS_txt1+6
0x04E9	0x3421 ;?ICS_txt1+7
0x04EA	0x3421 ;?ICS_txt1+8
0x04EB	0x3400 ;?ICS_txt1+9
; end of ?ICS_txt1
;FINaL.c,0 :: ?ICS_txt8
0x04EC	0x3449 ;?ICS_txt8+0
0x04ED	0x344E ;?ICS_txt8+1
0x04EE	0x3443 ;?ICS_txt8+2
0x04EF	0x344F ;?ICS_txt8+3
0x04F0	0x3452 ;?ICS_txt8+4
0x04F1	0x3452 ;?ICS_txt8+5
0x04F2	0x3445 ;?ICS_txt8+6
0x04F3	0x3443 ;?ICS_txt8+7
0x04F4	0x3454 ;?ICS_txt8+8
0x04F5	0x3400 ;?ICS_txt8+9
; end of ?ICS_txt8
;FINaL.c,0 :: ?ICS_txt11
0x04F6	0x344E ;?ICS_txt11+0
0x04F7	0x344F ;?ICS_txt11+1
0x04F8	0x3454 ;?ICS_txt11+2
0x04F9	0x3420 ;?ICS_txt11+3
0x04FA	0x3456 ;?ICS_txt11+4
0x04FB	0x3445 ;?ICS_txt11+5
0x04FC	0x3452 ;?ICS_txt11+6
0x04FD	0x3449 ;?ICS_txt11+7
0x04FE	0x3446 ;?ICS_txt11+8
0x04FF	0x3449 ;?ICS_txt11+9
0x0500	0x3445 ;?ICS_txt11+10
0x0501	0x3444 ;?ICS_txt11+11
0x0502	0x3400 ;?ICS_txt11+12
; end of ?ICS_txt11
;FINaL.c,0 :: ?ICS_txt6
0x0503	0x344F ;?ICS_txt6+0
0x0504	0x3450 ;?ICS_txt6+1
0x0505	0x3445 ;?ICS_txt6+2
0x0506	0x344E ;?ICS_txt6+3
0x0507	0x3449 ;?ICS_txt6+4
0x0508	0x344E ;?ICS_txt6+5
0x0509	0x3447 ;?ICS_txt6+6
0x050A	0x3420 ;?ICS_txt6+7
0x050B	0x3444 ;?ICS_txt6+8
0x050C	0x344F ;?ICS_txt6+9
0x050D	0x344F ;?ICS_txt6+10
0x050E	0x3452 ;?ICS_txt6+11
0x050F	0x3400 ;?ICS_txt6+12
; end of ?ICS_txt6
;FINaL.c,0 :: ?ICS_txt10
0x0510	0x3448 ;?ICS_txt10+0
0x0511	0x3441 ;?ICS_txt10+1
0x0512	0x3443 ;?ICS_txt10+2
0x0513	0x344B ;?ICS_txt10+3
0x0514	0x3445 ;?ICS_txt10+4
0x0515	0x3452 ;?ICS_txt10+5
0x0516	0x3420 ;?ICS_txt10+6
0x0517	0x3444 ;?ICS_txt10+7
0x0518	0x3445 ;?ICS_txt10+8
0x0519	0x3454 ;?ICS_txt10+9
0x051A	0x3445 ;?ICS_txt10+10
0x051B	0x3443 ;?ICS_txt10+11
0x051C	0x3454 ;?ICS_txt10+12
0x051D	0x3445 ;?ICS_txt10+13
0x051E	0x3444 ;?ICS_txt10+14
0x051F	0x3400 ;?ICS_txt10+15
; end of ?ICS_txt10
;FINaL.c,0 :: ?ICS_txt7
0x0520	0x3443 ;?ICS_txt7+0
0x0521	0x344F ;?ICS_txt7+1
0x0522	0x3452 ;?ICS_txt7+2
0x0523	0x3452 ;?ICS_txt7+3
0x0524	0x3445 ;?ICS_txt7+4
0x0525	0x3443 ;?ICS_txt7+5
0x0526	0x3454 ;?ICS_txt7+6
0x0527	0x3400 ;?ICS_txt7+7
; end of ?ICS_txt7
;FINaL.c,0 :: ?ICS_txt9
0x0528	0x3454 ;?ICS_txt9+0
0x0529	0x3452 ;?ICS_txt9+1
0x052A	0x3459 ;?ICS_txt9+2
0x052B	0x3420 ;?ICS_txt9+3
0x052C	0x3441 ;?ICS_txt9+4
0x052D	0x3447 ;?ICS_txt9+5
0x052E	0x3441 ;?ICS_txt9+6
0x052F	0x3449 ;?ICS_txt9+7
0x0530	0x344E ;?ICS_txt9+8
0x0531	0x3400 ;?ICS_txt9+9
; end of ?ICS_txt9
;FINaL.c,0 :: ?ICS_counter
0x0532	0x3400 ;?ICS_counter+0
0x0533	0x3400 ;?ICS_counter+1
; end of ?ICS_counter
;FINaL.c,0 :: ?ICS_txt5
0x0534	0x342A ;?ICS_txt5+0
0x0535	0x3400 ;?ICS_txt5+1
; end of ?ICS_txt5
Symbol List:
//** Routines locations **
//ADDRESS    SIZE    PROCEDURE
//----------------------------------------------
0x0003      [13]    _Delay_5500us
0x0010       [7]    _Delay_50us
0x0017       [3]    _Delay_1us
0x001A      [94]    _Lcd_Cmd
0x0078      [11]    _Lcd_Chr_CP
0x0083       [7]    _____DoICP
0x008A     [365]    _key
0x01F7      [15]    _pwm_init
0x0206      [80]    _set_servo_position
0x0256      [67]    _Lcd_Out
0x0299      [12]    ___CC2DW
0x02A5       [7]    _UART1_Data_Ready
0x02AC      [11]    _UART1_Read
0x02B7      [46]    _buzz
0x02E5      [79]    _Lcd_Init
0x0334     [368]    _main
//** Variables locations ** 
//ADDRESS    SIZE    VARIABLE
//----------------------------------------------
0x0000       [1]    INDF
0x0002       [1]    PCL
0x0003       [1]    STATUS
0x0004       [1]    FSR
0x0006       [0]    RB7_bit
0x0006       [0]    RB5_bit
0x0006       [0]    RB4_bit
0x0006       [0]    RB3_bit
0x0006       [0]    RB6_bit
0x0006       [0]    RB0_bit
0x0006       [0]    RB1_bit
0x0006       [0]    RB2_bit
0x0006       [1]    PORTB
0x0007       [1]    PORTC
0x0008       [0]    LCD_D5
0x0008       [0]    RD0_bit
0x0008       [0]    RD1_bit
0x0008       [0]    LCD_RS
0x0008       [0]    LCD_D4
0x0008       [0]    LCD_D6
0x0008       [0]    LCD_EN
0x0008       [0]    LCD_D7
0x0008       [0]    RD6_bit
0x0008       [0]    RD4_bit
0x0008       [0]    RD5_bit
0x0008       [0]    RD3_bit
0x000A       [1]    PCLATH
0x000C       [1]    PIR1
0x0012       [1]    T2CON
0x0015       [1]    CCPR1L
0x0017       [1]    CCP1CON
0x0018       [1]    RCSTA
0x001A       [1]    RCREG
0x001D       [1]    CCP2CON
0x0020      [16]    _txt4
0x0030       [9]    _txt3
0x0039      [16]    _keypad
0x0049      [15]    _txt2
0x0058      [10]    _txt1
0x0062      [10]    _txt8
0x006C       [2]    _counter
0x006E       [2]    _txt5
0x0070       [1]    R0
0x0071       [1]    R1
0x0072       [1]    R2
0x0073       [1]    R3
0x0074       [1]    R4
0x0075       [1]    R5
0x0076       [1]    R6
0x0077       [1]    R7
0x0078       [1]    R8
0x0079       [1]    R9
0x007A       [1]    R10
0x007B       [1]    R11
0x007C       [1]    R12
0x007D       [1]    R13
0x007E       [1]    R14
0x007F       [1]    R15
0x0081       [1]    OPTION_REG
0x0086       [1]    TRISB
0x0087       [1]    TRISC
0x0088       [0]    TRISD6_bit
0x0088       [0]    LCD_RS_Direction
0x0088       [0]    LCD_D7_Direction
0x0088       [0]    TRISD0_bit
0x0088       [0]    TRISD1_bit
0x0088       [0]    TRISD3_bit
0x0088       [0]    LCD_D5_Direction
0x0088       [0]    LCD_D6_Direction
0x0088       [0]    LCD_EN_Direction
0x0088       [0]    LCD_D4_Direction
0x0088       [0]    TRISD5_bit
0x0088       [0]    TRISD4_bit
0x0092       [1]    PR2
0x00A0      [10]    _txt9
0x00AA      [13]    _txt11
0x00B7      [13]    _txt6
0x00C4      [16]    _txt10
0x00D4       [8]    _txt7
0x00DC       [2]    _i
0x00DE       [2]    ___DoICPAddr
0x00E0       [1]    _rownum
0x00E1       [1]    _colnum
0x00E2       [1]    _IncData
0x00E3       [2]    _temp
0x00E5       [4]    _pass
0x00E9       [0]    __Lib_Lcd_cmd_status
0x00EA       [1]    _kp
0x00EB       [2]    FARG_set_servo_position_degrees
0x00EB       [1]    FARG_Lcd_Out_row
0x00EC       [1]    FARG_Lcd_Out_column
0x00ED       [1]    FARG_Lcd_Out_text
0x00EE       [1]    Lcd_Out_i_L0
0x00EF       [1]    FARG_Lcd_Chr_CP_out_char
0x0110       [1]    FARG_Lcd_Cmd_out_char
//** Constants locations ** 
//ADDRESS    SIZE    CONSTANT
//----------------------------------------------
0x04AA      [16]    ?ICS_txt4
0x04BA       [9]    ?ICS_txt3
0x04C3      [16]    ?ICS_keypad
0x04D3      [15]    ?ICS_txt2
0x04E2      [10]    ?ICS_txt1
0x04EC      [10]    ?ICS_txt8
0x04F6      [13]    ?ICS_txt11
0x0503      [13]    ?ICS_txt6
0x0510      [16]    ?ICS_txt10
0x0520       [8]    ?ICS_txt7
0x0528      [10]    ?ICS_txt9
0x0532       [2]    ?ICS_counter
0x0534       [2]    ?ICS_txt5
